#
# There is insufficient memory for the Java Runtime Environment to continue.
# Native memory allocation (malloc) failed to allocate 994416 bytes for Chunk::new
# Possible reasons:
#   The system is out of physical RAM or swap space
#   The process is running with CompressedOops enabled, and the Java Heap may be blocking the growth of the native heap
# Possible solutions:
#   Reduce memory load on the system
#   Increase physical memory or swap space
#   Check if swap backing store is full
#   Decrease Java heap size (-Xmx/-Xms)
#   Decrease number of Java threads
#   Decrease Java thread stack sizes (-Xss)
#   Set larger code cache with -XX:ReservedCodeCacheSize=
#   JVM is running with Unscaled Compressed Oops mode in which the Java heap is
#     placed in the first 4GB address space. The Java Heap base address is the
#     maximum limit for the native heap growth. Please use -XX:HeapBaseMinAddress
#     to set the Java Heap base and to place the Java Heap above 4GB virtual address.
# This output file may be truncated or incomplete.
#
#  Out of Memory Error (allocation.cpp:389), pid=6036, tid=0x0000000000005df8
#
# JRE version: OpenJDK Runtime Environment (8.0_242-b01) (build 1.8.0_242-release-1644-b01)
# Java VM: OpenJDK 64-Bit Server VM (25.242-b01 mixed mode windows-amd64 compressed oops)
# Failed to write core dump. Minidumps are not enabled by default on client versions of Windows
#

---------------  T H R E A D  ---------------

Current thread (0x000000001906f000):  JavaThread "C2 CompilerThread1" daemon [_thread_in_native, id=24056, stack(0x000000001a7e0000,0x000000001a8e0000)]

Stack: [0x000000001a7e0000,0x000000001a8e0000]
[error occurred during error reporting (printing stack bounds), id 0xc0000005]

Native frames: (J=compiled Java code, j=interpreted, Vv=VM code, C=native code)


Current CompileTask:
C2:   9826 3183 %     4       groovyjarjarantlr4.v4.runtime.atn.PredictionContext::join @ 170 (569 bytes)


---------------  P R O C E S S  ---------------

Java Threads: ( => current thread )
  0x00000000205ea000 JavaThread "Cache worker for dependencies-accessors (C:\Users\Sergey\AndroidStudioProjects\diploma_test\.gradle\7.0\dependencies-accessors)" [_thread_blocked, id=4948, stack(0x0000000023810000,0x0000000023910000)]
  0x00000000205ee000 JavaThread "Cache worker for file content cache (C:\Users\Sergey\.gradle\caches\7.0\fileContent)" [_thread_blocked, id=20756, stack(0x0000000023710000,0x0000000023810000)]
  0x00000000205ec800 JavaThread "jar transforms Thread 2" [_thread_blocked, id=23008, stack(0x0000000023610000,0x0000000023710000)]
  0x00000000205e8800 JavaThread "jar transforms" [_thread_blocked, id=7240, stack(0x0000000023310000,0x0000000023410000)]
  0x000000001907a800 JavaThread "Cache worker for execution history cache (C:\Users\Sergey\.gradle\caches\7.0\executionHistory)" [_thread_blocked, id=2832, stack(0x0000000022810000,0x0000000022910000)]
  0x000000001907b000 JavaThread "Cache worker for cache directory md-rule (C:\Users\Sergey\.gradle\caches\7.0\md-rule)" [_thread_blocked, id=10544, stack(0x0000000022710000,0x0000000022810000)]
  0x000000001907c000 JavaThread "Cache worker for cache directory md-supplier (C:\Users\Sergey\.gradle\caches\7.0\md-supplier)" [_thread_blocked, id=25388, stack(0x0000000022610000,0x0000000022710000)]
  0x0000000019079000 JavaThread "Cache worker for checksums cache (C:\Users\Sergey\AndroidStudioProjects\diploma_test\.gradle\checksums)" [_thread_blocked, id=14316, stack(0x00000000210b0000,0x00000000211b0000)]
  0x0000000019078000 JavaThread "File watcher consumer" daemon [_thread_blocked, id=22120, stack(0x0000000020db0000,0x0000000020eb0000)]
  0x000000001907f000 JavaThread "File watcher server" daemon [_thread_in_native, id=17296, stack(0x0000000022510000,0x0000000022610000)]
  0x000000001907e000 JavaThread "Cache worker for file hash cache (C:\Users\Sergey\AndroidStudioProjects\diploma_test\.gradle\7.0\fileHashes)" [_thread_blocked, id=18456, stack(0x0000000022410000,0x0000000022510000)]
  0x0000000019079800 JavaThread "Cache worker for journal cache (C:\Users\Sergey\.gradle\caches\journal-1)" [_thread_blocked, id=14668, stack(0x000000001ed10000,0x000000001ee10000)]
  0x000000001907c800 JavaThread "File lock request listener" [_thread_in_native, id=16348, stack(0x000000001ea10000,0x000000001eb10000)]
  0x000000001adeb000 JavaThread "Cache worker for file hash cache (C:\Users\Sergey\.gradle\caches\7.0\fileHashes)" [_thread_blocked, id=18172, stack(0x000000001e910000,0x000000001ea10000)]
  0x000000001cad0000 JavaThread "Daemon client event forwarder" [_thread_blocked, id=14564, stack(0x000000001e610000,0x000000001e710000)]
  0x000000001cacf000 JavaThread "Stdin handler" [_thread_blocked, id=12508, stack(0x000000001e510000,0x000000001e610000)]
  0x000000001ca67000 JavaThread "Asynchronous log dispatcher for DefaultDaemonConnection: socket connection from /127.0.0.1:54413 to /127.0.0.1:54414" [_thread_blocked, id=17208, stack(0x000000001e410000,0x000000001e510000)]
  0x000000001ca61800 JavaThread "Daemon worker" [_thread_in_Java, id=18088, stack(0x000000001e310000,0x000000001e410000)]
  0x000000001ca70800 JavaThread "Cancel handler" [_thread_blocked, id=23348, stack(0x000000001e210000,0x000000001e310000)]
  0x000000001c9be000 JavaThread "Handler for socket connection from /127.0.0.1:54413 to /127.0.0.1:54414" [_thread_in_native, id=22604, stack(0x000000001e110000,0x000000001e210000)]
  0x000000001c9bd800 JavaThread "Daemon" [_thread_blocked, id=15864, stack(0x000000001e010000,0x000000001e110000)]
  0x000000001c9ba800 JavaThread "Daemon periodic checks" [_thread_blocked, id=14184, stack(0x000000001dd10000,0x000000001de10000)]
  0x000000001c903000 JavaThread "Incoming local TCP Connector on port 54413" [_thread_in_native, id=12948, stack(0x000000001dac0000,0x000000001dbc0000)]
  0x000000001c914800 JavaThread "Daemon health stats" [_thread_blocked, id=25344, stack(0x000000001d680000,0x000000001d780000)]
  0x0000000019106800 JavaThread "Service Thread" daemon [_thread_blocked, id=616, stack(0x000000001aae0000,0x000000001abe0000)]
  0x000000001907d800 JavaThread "C1 CompilerThread3" daemon [_thread_blocked, id=23712, stack(0x000000001a9e0000,0x000000001aae0000)]
  0x0000000019077800 JavaThread "C2 CompilerThread2" daemon [_thread_in_native, id=7912, stack(0x000000001a8e0000,0x000000001a9e0000)]
=>0x000000001906f000 JavaThread "C2 CompilerThread1" daemon [_thread_in_native, id=24056, stack(0x000000001a7e0000,0x000000001a8e0000)]
  0x000000001906b000 JavaThread "C2 CompilerThread0" daemon [_thread_in_native, id=13488, stack(0x000000001a6e0000,0x000000001a7e0000)]
  0x0000000019064000 JavaThread "Attach Listener" daemon [_thread_blocked, id=3752, stack(0x000000001a5e0000,0x000000001a6e0000)]
  0x0000000019063000 JavaThread "Signal Dispatcher" daemon [_thread_blocked, id=15560, stack(0x000000001a4e0000,0x000000001a5e0000)]
  0x0000000017971800 JavaThread "Finalizer" daemon [_thread_blocked, id=7872, stack(0x000000001a2d0000,0x000000001a3d0000)]
  0x0000000019053000 JavaThread "Reference Handler" daemon [_thread_blocked, id=13448, stack(0x000000001a1d0000,0x000000001a2d0000)]
  0x00000000024fe000 JavaThread "main" [_thread_blocked, id=3412, stack(0x0000000002500000,0x0000000002600000)]

Other Threads:
  0x0000000017965800 VMThread [stack: 0x000000001a0d0000,0x000000001a1d0000] [id=16200]
  0x0000000019108000 WatcherThread [stack: 0x000000001abe0000,0x000000001ace0000] [id=11544]

VM state:not at safepoint (normal execution)

VM Mutex/Monitor currently owned by a thread: None

heap address: 0x0000000080000000, size: 2048 MB, Compressed Oops mode: 32-bit
Narrow klass base: 0x0000000000000000, Narrow klass shift: 3
Compressed class space size: 1073741824 Address: 0x0000000100000000

Heap:
 PSYoungGen      total 110080K, used 73876K [0x00000000d5580000, 0x00000000dd000000, 0x0000000100000000)
  eden space 97280K, 75% used [0x00000000d5580000,0x00000000d9da50b0,0x00000000db480000)
  from space 12800K, 0% used [0x00000000dc200000,0x00000000dc200000,0x00000000dce80000)
  to   space 13824K, 0% used [0x00000000db480000,0x00000000db480000,0x00000000dc200000)
 ParOldGen       total 104448K, used 17770K [0x0000000080000000, 0x0000000086600000, 0x00000000d5580000)
  object space 104448K, 17% used [0x0000000080000000,0x000000008115abe0,0x0000000086600000)
 Metaspace       used 39295K, capacity 40849K, committed 40960K, reserved 1085440K
  class space    used 5439K, capacity 5777K, committed 5888K, reserved 1048576K

Card table byte_map: [0x0000000011ac0000,0x0000000011ed0000] byte_map_base: 0x00000000116c0000

Marking Bits: (ParMarkBitMap*) 0x000000006153f030
 Begin Bits: [0x0000000012b80000, 0x0000000014b80000)
 End Bits:   [0x0000000014b80000, 0x0000000016b80000)

Polling page: 0x0000000000b80000

CodeCache: size=245760Kb used=10978Kb max_used=11339Kb free=234781Kb
 bounds [0x0000000002700000, 0x0000000003240000, 0x0000000011700000]
 total_blobs=3734 nmethods=3012 adapters=634
 compilation: enabled

Compilation events (10 events):
Event: 9.799 Thread 0x000000001907d800 3279       3       groovyjarjarantlr4.v4.runtime.BufferedTokenStream::lazyInit (13 bytes)
Event: 9.799 Thread 0x000000001907d800 nmethod 3279 0x0000000002a86c10 code [0x0000000002a86d80, 0x0000000002a87178]
Event: 9.799 Thread 0x000000001907d800 3277       3       org.apache.groovy.parser.antlr4.GroovyParser$GroovyParserRuleContext::<init> (12 bytes)
Event: 9.799 Thread 0x000000001907d800 nmethod 3277 0x0000000002a86690 code [0x0000000002a86800, 0x0000000002a86ab0]
Event: 9.799 Thread 0x000000001907d800 3276       3       groovyjarjarantlr4.v4.runtime.dfa.SingletonEdgeMap::get (15 bytes)
Event: 9.800 Thread 0x000000001907d800 nmethod 3276 0x0000000002ca7210 code [0x0000000002ca7360, 0x0000000002ca7510]
Event: 9.809 Thread 0x000000001907d800 3280       3       java.util.TimSort::mergeLo (659 bytes)
Event: 9.812 Thread 0x000000001907d800 nmethod 3280 0x0000000003213890 code [0x0000000003213bc0, 0x0000000003215d58]
Event: 9.818 Thread 0x000000001907d800 3281       3       groovyjarjarantlr4.v4.runtime.atn.ATNConfigSet::toArray (8 bytes)
Event: 9.819 Thread 0x000000001907d800 nmethod 3281 0x0000000003213290 code [0x0000000003213400, 0x0000000003213728]

GC Heap History (10 events):
Event: 5.666 GC heap before
{Heap before GC invocations=4 (full 0):
 PSYoungGen      total 75776K, used 45681K [0x00000000d5580000, 0x00000000daa00000, 0x0000000100000000)
  eden space 65024K, 54% used [0x00000000d5580000,0x00000000d77d1fc0,0x00000000d9500000)
  from space 10752K, 98% used [0x00000000d9500000,0x00000000d9f4a5d8,0x00000000d9f80000)
  to   space 10752K, 0% used [0x00000000d9f80000,0x00000000d9f80000,0x00000000daa00000)
 ParOldGen       total 173568K, used 32K [0x0000000080000000, 0x000000008a980000, 0x00000000d5580000)
  object space 173568K, 0% used [0x0000000080000000,0x0000000080008000,0x000000008a980000)
 Metaspace       used 20354K, capacity 21213K, committed 21296K, reserved 1067008K
  class space    used 2945K, capacity 3200K, committed 3200K, reserved 1048576K
Event: 5.677 GC heap after
Heap after GC invocations=4 (full 0):
 PSYoungGen      total 75776K, used 9567K [0x00000000d5580000, 0x00000000daa00000, 0x0000000100000000)
  eden space 65024K, 0% used [0x00000000d5580000,0x00000000d5580000,0x00000000d9500000)
  from space 10752K, 88% used [0x00000000d9f80000,0x00000000da8d7e28,0x00000000daa00000)
  to   space 10752K, 0% used [0x00000000d9500000,0x00000000d9500000,0x00000000d9f80000)
 ParOldGen       total 173568K, used 40K [0x0000000080000000, 0x000000008a980000, 0x00000000d5580000)
  object space 173568K, 0% used [0x0000000080000000,0x000000008000a000,0x000000008a980000)
 Metaspace       used 20354K, capacity 21213K, committed 21296K, reserved 1067008K
  class space    used 2945K, capacity 3200K, committed 3200K, reserved 1048576K
}
Event: 5.677 GC heap before
{Heap before GC invocations=5 (full 1):
 PSYoungGen      total 75776K, used 9567K [0x00000000d5580000, 0x00000000daa00000, 0x0000000100000000)
  eden space 65024K, 0% used [0x00000000d5580000,0x00000000d5580000,0x00000000d9500000)
  from space 10752K, 88% used [0x00000000d9f80000,0x00000000da8d7e28,0x00000000daa00000)
  to   space 10752K, 0% used [0x00000000d9500000,0x00000000d9500000,0x00000000d9f80000)
 ParOldGen       total 173568K, used 40K [0x0000000080000000, 0x000000008a980000, 0x00000000d5580000)
  object space 173568K, 0% used [0x0000000080000000,0x000000008000a000,0x000000008a980000)
 Metaspace       used 20354K, capacity 21213K, committed 21296K, reserved 1067008K
  class space    used 2945K, capacity 3200K, committed 3200K, reserved 1048576K
Event: 5.737 GC heap after
Heap after GC invocations=5 (full 1):
 PSYoungGen      total 75776K, used 0K [0x00000000d5580000, 0x00000000daa00000, 0x0000000100000000)
  eden space 65024K, 0% used [0x00000000d5580000,0x00000000d5580000,0x00000000d9500000)
  from space 10752K, 0% used [0x00000000d9f80000,0x00000000d9f80000,0x00000000daa00000)
  to   space 10752K, 0% used [0x00000000d9500000,0x00000000d9500000,0x00000000d9f80000)
 ParOldGen       total 104448K, used 9212K [0x0000000080000000, 0x0000000086600000, 0x00000000d5580000)
  object space 104448K, 8% used [0x0000000080000000,0x00000000808ff0f8,0x0000000086600000)
 Metaspace       used 20354K, capacity 21213K, committed 21296K, reserved 1067008K
  class space    used 2945K, capacity 3200K, committed 3200K, reserved 1048576K
}
Event: 6.704 GC heap before
{Heap before GC invocations=6 (full 1):
 PSYoungGen      total 75776K, used 65024K [0x00000000d5580000, 0x00000000daa00000, 0x0000000100000000)
  eden space 65024K, 100% used [0x00000000d5580000,0x00000000d9500000,0x00000000d9500000)
  from space 10752K, 0% used [0x00000000d9f80000,0x00000000d9f80000,0x00000000daa00000)
  to   space 10752K, 0% used [0x00000000d9500000,0x00000000d9500000,0x00000000d9f80000)
 ParOldGen       total 104448K, used 9212K [0x0000000080000000, 0x0000000086600000, 0x00000000d5580000)
  object space 104448K, 8% used [0x0000000080000000,0x00000000808ff0f8,0x0000000086600000)
 Metaspace       used 24478K, capacity 25445K, committed 25600K, reserved 1071104K
  class space    used 3587K, capacity 3811K, committed 3840K, reserved 1048576K
Event: 6.709 GC heap after
Heap after GC invocations=6 (full 1):
 PSYoungGen      total 75776K, used 5248K [0x00000000d5580000, 0x00000000dce80000, 0x0000000100000000)
  eden space 65024K, 0% used [0x00000000d5580000,0x00000000d5580000,0x00000000d9500000)
  from space 10752K, 48% used [0x00000000d9500000,0x00000000d9a20168,0x00000000d9f80000)
  to   space 12800K, 0% used [0x00000000dc200000,0x00000000dc200000,0x00000000dce80000)
 ParOldGen       total 104448K, used 9220K [0x0000000080000000, 0x0000000086600000, 0x00000000d5580000)
  object space 104448K, 8% used [0x0000000080000000,0x00000000809010f8,0x0000000086600000)
 Metaspace       used 24478K, capacity 25445K, committed 25600K, reserved 1071104K
  class space    used 3587K, capacity 3811K, committed 3840K, reserved 1048576K
}
Event: 8.410 GC heap before
{Heap before GC invocations=7 (full 1):
 PSYoungGen      total 75776K, used 62227K [0x00000000d5580000, 0x00000000dce80000, 0x0000000100000000)
  eden space 65024K, 87% used [0x00000000d5580000,0x00000000d8d24e48,0x00000000d9500000)
  from space 10752K, 48% used [0x00000000d9500000,0x00000000d9a20168,0x00000000d9f80000)
  to   space 12800K, 0% used [0x00000000dc200000,0x00000000dc200000,0x00000000dce80000)
 ParOldGen       total 104448K, used 9220K [0x0000000080000000, 0x0000000086600000, 0x00000000d5580000)
  object space 104448K, 8% used [0x0000000080000000,0x00000000809010f8,0x0000000086600000)
 Metaspace       used 34015K, capacity 35355K, committed 35456K, reserved 1079296K
  class space    used 4896K, capacity 5190K, committed 5248K, reserved 1048576K
Event: 8.427 GC heap after
Heap after GC invocations=7 (full 1):
 PSYoungGen      total 110080K, used 11139K [0x00000000d5580000, 0x00000000dd000000, 0x0000000100000000)
  eden space 97280K, 0% used [0x00000000d5580000,0x00000000d5580000,0x00000000db480000)
  from space 12800K, 87% used [0x00000000dc200000,0x00000000dcce0d70,0x00000000dce80000)
  to   space 13824K, 0% used [0x00000000db480000,0x00000000db480000,0x00000000dc200000)
 ParOldGen       total 104448K, used 9228K [0x0000000080000000, 0x0000000086600000, 0x00000000d5580000)
  object space 104448K, 8% used [0x0000000080000000,0x00000000809030f8,0x0000000086600000)
 Metaspace       used 34015K, capacity 35355K, committed 35456K, reserved 1079296K
  class space    used 4896K, capacity 5190K, committed 5248K, reserved 1048576K
}
Event: 8.427 GC heap before
{Heap before GC invocations=8 (full 2):
 PSYoungGen      total 110080K, used 11139K [0x00000000d5580000, 0x00000000dd000000, 0x0000000100000000)
  eden space 97280K, 0% used [0x00000000d5580000,0x00000000d5580000,0x00000000db480000)
  from space 12800K, 87% used [0x00000000dc200000,0x00000000dcce0d70,0x00000000dce80000)
  to   space 13824K, 0% used [0x00000000db480000,0x00000000db480000,0x00000000dc200000)
 ParOldGen       total 104448K, used 9228K [0x0000000080000000, 0x0000000086600000, 0x00000000d5580000)
  object space 104448K, 8% used [0x0000000080000000,0x00000000809030f8,0x0000000086600000)
 Metaspace       used 34015K, capacity 35355K, committed 35456K, reserved 1079296K
  class space    used 4896K, capacity 5190K, committed 5248K, reserved 1048576K
Event: 8.501 GC heap after
Heap after GC invocations=8 (full 2):
 PSYoungGen      total 110080K, used 0K [0x00000000d5580000, 0x00000000dd000000, 0x0000000100000000)
  eden space 97280K, 0% used [0x00000000d5580000,0x00000000d5580000,0x00000000db480000)
  from space 12800K, 0% used [0x00000000dc200000,0x00000000dc200000,0x00000000dce80000)
  to   space 13824K, 0% used [0x00000000db480000,0x00000000db480000,0x00000000dc200000)
 ParOldGen       total 104448K, used 17770K [0x0000000080000000, 0x0000000086600000, 0x00000000d5580000)
  object space 104448K, 17% used [0x0000000080000000,0x000000008115abe0,0x0000000086600000)
 Metaspace       used 34015K, capacity 35355K, committed 35456K, reserved 1079296K
  class space    used 4896K, capacity 5190K, committed 5248K, reserved 1048576K
}

Deoptimization events (10 events):
Event: 9.631 Thread 0x000000001ca61800 Uncommon trap: reason=predicate action=maybe_recompile pc=0x000000000304c040 method=groovyjarjarantlr4.v4.runtime.atn.PredictionContext.join(Lgroovyjarjarantlr4/v4/runtime/atn/PredictionContext;Lgroovyjarjarantlr4/v4/runtime/atn/PredictionContext;Lgroovyj
Event: 9.643 Thread 0x000000001ca61800 Uncommon trap: reason=unstable_if action=reinterpret pc=0x0000000003030df0 method=java.util.HashMap.getNode(ILjava/lang/Object;)Ljava/util/HashMap$Node; @ 84
Event: 9.667 Thread 0x000000001ca61800 Uncommon trap: reason=class_check action=maybe_recompile pc=0x000000000303d838 method=groovyjarjarantlr4.v4.runtime.atn.ParserATNSimulator.closure(Lgroovyjarjarantlr4/v4/runtime/atn/ATNConfig;Lgroovyjarjarantlr4/v4/runtime/atn/ATNConfigSet;Lgroovyjarjaran
Event: 9.667 Thread 0x000000001ca61800 Uncommon trap: reason=class_check action=maybe_recompile pc=0x000000000303d838 method=groovyjarjarantlr4.v4.runtime.atn.ParserATNSimulator.closure(Lgroovyjarjarantlr4/v4/runtime/atn/ATNConfig;Lgroovyjarjarantlr4/v4/runtime/atn/ATNConfigSet;Lgroovyjarjaran
Event: 9.667 Thread 0x000000001ca61800 Uncommon trap: reason=class_check action=maybe_recompile pc=0x000000000303d838 method=groovyjarjarantlr4.v4.runtime.atn.ParserATNSimulator.closure(Lgroovyjarjarantlr4/v4/runtime/atn/ATNConfig;Lgroovyjarjarantlr4/v4/runtime/atn/ATNConfigSet;Lgroovyjarjaran
Event: 9.668 Thread 0x000000001ca61800 Uncommon trap: reason=class_check action=maybe_recompile pc=0x000000000303d838 method=groovyjarjarantlr4.v4.runtime.atn.ParserATNSimulator.closure(Lgroovyjarjarantlr4/v4/runtime/atn/ATNConfig;Lgroovyjarjarantlr4/v4/runtime/atn/ATNConfigSet;Lgroovyjarjaran
Event: 9.718 Thread 0x000000001ca61800 Uncommon trap: reason=unstable_if action=reinterpret pc=0x0000000002ff8a7c method=java.util.concurrent.ConcurrentHashMap.get(Ljava/lang/Object;)Ljava/lang/Object; @ 152
Event: 9.719 Thread 0x000000001ca61800 Uncommon trap: reason=class_check action=maybe_recompile pc=0x0000000002cbfd1c method=java.util.concurrent.ConcurrentHashMap.putVal(Ljava/lang/Object;Ljava/lang/Object;Z)Ljava/lang/Object; @ 192
Event: 9.776 Thread 0x000000001ca61800 Uncommon trap: reason=class_check action=maybe_recompile pc=0x0000000002cbfd1c method=java.util.concurrent.ConcurrentHashMap.putVal(Ljava/lang/Object;Ljava/lang/Object;Z)Ljava/lang/Object; @ 192
Event: 9.795 Thread 0x000000001ca61800 Uncommon trap: reason=class_check action=maybe_recompile pc=0x0000000002cbfd1c method=java.util.concurrent.ConcurrentHashMap.putVal(Ljava/lang/Object;Ljava/lang/Object;Z)Ljava/lang/Object; @ 192

Classes redefined (0 events):
No events

Internal exceptions (10 events):
Event: 8.978 Thread 0x000000001ca61800 Exception <a 'java/lang/ClassNotFoundException': org/gradle/api/internal/project/AbstractPluginAwareCustomizer> (0x00000000d678ea20) thrown at [C:\src\AOSP-openjdk-git\hotspot\src\share\vm\classfile\systemDictionary.cpp, line 210]
Event: 8.980 Thread 0x000000001ca61800 Exception <a 'java/lang/ClassNotFoundException': org/gradle/initialization/DefaultSettingsCustomizer> (0x00000000d67caa38) thrown at [C:\src\AOSP-openjdk-git\hotspot\src\share\vm\classfile\systemDictionary.cpp, line 210]
Event: 8.985 Thread 0x000000001ca61800 Exception <a 'java/lang/ClassNotFoundException': org/gradle/initialization/DefaultSettings_DecoratedCustomizer> (0x00000000d6848f78) thrown at [C:\src\AOSP-openjdk-git\hotspot\src\share\vm\classfile\systemDictionary.cpp, line 210]
Event: 8.999 Thread 0x000000001ca61800 Exception <a 'java/lang/ClassNotFoundException': org/gradle/initialization/DefaultProjectDescriptorBeanInfo> (0x00000000d691fc48) thrown at [C:\src\AOSP-openjdk-git\hotspot\src\share\vm\classfile\systemDictionary.cpp, line 210]
Event: 9.000 Thread 0x000000001ca61800 Exception <a 'java/lang/ClassNotFoundException': org/gradle/initialization/DefaultProjectDescriptorCustomizer> (0x00000000d69587d8) thrown at [C:\src\AOSP-openjdk-git\hotspot\src\share\vm\classfile\systemDictionary.cpp, line 210]
Event: 9.249 Thread 0x000000001cad0000 Exception <a 'java/lang/NoSuchMethodError': <clinit>> (0x00000000d558d638) thrown at [C:\src\AOSP-openjdk-git\hotspot\src\share\vm\prims\jni.cpp, line 1615]
Event: 9.250 Thread 0x000000001cad0000 Exception <a 'java/lang/NoSuchMethodError': <clinit>> (0x00000000d5591c70) thrown at [C:\src\AOSP-openjdk-git\hotspot\src\share\vm\prims\jni.cpp, line 1615]
Event: 9.252 Thread 0x000000001cad0000 Exception <a 'java/lang/NoSuchMethodError': <clinit>> (0x00000000d55a1680) thrown at [C:\src\AOSP-openjdk-git\hotspot\src\share\vm\prims\jni.cpp, line 1615]
Event: 9.252 Thread 0x000000001cad0000 Exception <a 'java/lang/NoSuchMethodError': <clinit>> (0x00000000d55a47a0) thrown at [C:\src\AOSP-openjdk-git\hotspot\src\share\vm\prims\jni.cpp, line 1615]
Event: 9.254 Thread 0x000000001cad0000 Exception <a 'java/lang/NoSuchMethodError': <clinit>> (0x00000000d55b0d40) thrown at [C:\src\AOSP-openjdk-git\hotspot\src\share\vm\prims\jni.cpp, line 1615]

Events (10 events):
Event: 9.718 Thread 0x000000001ca61800 DEOPT UNPACKING pc=0x000000000274557b sp=0x000000001e4083f0 mode 2
Event: 9.719 Thread 0x000000001ca61800 Uncommon trap: trap_request=0xffffffde fr.pc=0x0000000002cbfd1c
Event: 9.719 Thread 0x000000001ca61800 DEOPT PACKING pc=0x0000000002cbfd1c sp=0x000000001e408360
Event: 9.719 Thread 0x000000001ca61800 DEOPT UNPACKING pc=0x000000000274557b sp=0x000000001e4082f8 mode 2
Event: 9.776 Thread 0x000000001ca61800 Uncommon trap: trap_request=0xffffffde fr.pc=0x0000000002cbfd1c
Event: 9.776 Thread 0x000000001ca61800 DEOPT PACKING pc=0x0000000002cbfd1c sp=0x000000001e408230
Event: 9.776 Thread 0x000000001ca61800 DEOPT UNPACKING pc=0x000000000274557b sp=0x000000001e4081c8 mode 2
Event: 9.795 Thread 0x000000001ca61800 Uncommon trap: trap_request=0xffffffde fr.pc=0x0000000002cbfd1c
Event: 9.795 Thread 0x000000001ca61800 DEOPT PACKING pc=0x0000000002cbfd1c sp=0x000000001e4087d0
Event: 9.795 Thread 0x000000001ca61800 DEOPT UNPACKING pc=0x000000000274557b sp=0x000000001e408768 mode 2


Dynamic libraries:
0x00007ff7fed80000 - 0x00007ff7fedb1000 	C:\Program Files\Android\Android Studio\jre\bin\java.exe
0x00007ffc386f0000 - 0x00007ffc388e5000 	C:\WINDOWS\SYSTEM32\ntdll.dll
0x00007ffc37290000 - 0x00007ffc3734d000 	C:\WINDOWS\System32\KERNEL32.DLL
0x00007ffc35f80000 - 0x00007ffc3624d000 	C:\WINDOWS\System32\KERNELBASE.dll
0x00007ffc37060000 - 0x00007ffc3710e000 	C:\WINDOWS\System32\ADVAPI32.dll
0x00007ffc37e10000 - 0x00007ffc37eae000 	C:\WINDOWS\System32\msvcrt.dll
0x00007ffc37110000 - 0x00007ffc371ac000 	C:\WINDOWS\System32\sechost.dll
0x00007ffc36e20000 - 0x00007ffc36f45000 	C:\WINDOWS\System32\RPCRT4.dll
0x00007ffc37ae0000 - 0x00007ffc37c80000 	C:\WINDOWS\System32\USER32.dll
0x00007ffc36560000 - 0x00007ffc36582000 	C:\WINDOWS\System32\win32u.dll
0x00007ffc36cb0000 - 0x00007ffc36cda000 	C:\WINDOWS\System32\GDI32.dll
0x00007ffc36450000 - 0x00007ffc3655b000 	C:\WINDOWS\System32\gdi32full.dll
0x00007ffc363b0000 - 0x00007ffc3644d000 	C:\WINDOWS\System32\msvcp_win.dll
0x00007ffc36590000 - 0x00007ffc36690000 	C:\WINDOWS\System32\ucrtbase.dll
0x00007ffc1f960000 - 0x00007ffc1fbfa000 	C:\WINDOWS\WinSxS\amd64_microsoft.windows.common-controls_6595b64144ccf1df_6.0.19041.1110_none_60b5254171f9507e\COMCTL32.dll
0x00007ffc36740000 - 0x00007ffc36770000 	C:\WINDOWS\System32\IMM32.DLL
0x0000000061e90000 - 0x0000000061f62000 	C:\Program Files\Android\Android Studio\jre\jre\bin\msvcr100.dll
0x0000000060d70000 - 0x00000000615bb000 	C:\Program Files\Android\Android Studio\jre\jre\bin\server\jvm.dll
0x00007ffc36ca0000 - 0x00007ffc36ca8000 	C:\WINDOWS\System32\PSAPI.DLL
0x00007ffc2e9d0000 - 0x00007ffc2e9d9000 	C:\WINDOWS\SYSTEM32\WSOCK32.dll
0x00007ffc2ac60000 - 0x00007ffc2ac87000 	C:\WINDOWS\SYSTEM32\WINMM.dll
0x00007ffc2faa0000 - 0x00007ffc2faaa000 	C:\WINDOWS\SYSTEM32\VERSION.dll
0x00007ffc36ff0000 - 0x00007ffc3705b000 	C:\WINDOWS\System32\WS2_32.dll
0x00007ffc2e290000 - 0x00007ffc2e29f000 	C:\Program Files\Android\Android Studio\jre\jre\bin\verify.dll
0x00007ffc26f10000 - 0x00007ffc26f39000 	C:\Program Files\Android\Android Studio\jre\jre\bin\java.dll
0x00007ffc2ac20000 - 0x00007ffc2ac36000 	C:\Program Files\Android\Android Studio\jre\jre\bin\zip.dll
0x00007ffc37eb0000 - 0x00007ffc385f4000 	C:\WINDOWS\System32\SHELL32.dll
0x00007ffc34ba0000 - 0x00007ffc35334000 	C:\WINDOWS\SYSTEM32\windows.storage.dll
0x00007ffc36940000 - 0x00007ffc36c94000 	C:\WINDOWS\System32\combase.dll
0x00007ffc35860000 - 0x00007ffc3588c000 	C:\WINDOWS\SYSTEM32\Wldp.dll
0x00007ffc38600000 - 0x00007ffc386ad000 	C:\WINDOWS\System32\SHCORE.dll
0x00007ffc36dc0000 - 0x00007ffc36e15000 	C:\WINDOWS\System32\shlwapi.dll
0x00007ffc35d40000 - 0x00007ffc35d5f000 	C:\WINDOWS\SYSTEM32\profapi.dll
0x00007ffc2abd0000 - 0x00007ffc2abea000 	C:\Program Files\Android\Android Studio\jre\jre\bin\net.dll
0x00007ffc34ad0000 - 0x00007ffc34b3a000 	C:\WINDOWS\system32\mswsock.dll
0x00007ffc26c80000 - 0x00007ffc26c93000 	C:\Program Files\Android\Android Studio\jre\jre\bin\nio.dll
0x00007ffc128d0000 - 0x00007ffc128f7000 	C:\Users\Sergey\.gradle\native\49d0259a56938c7f99b2704e745ce422c4f750a7a20b539a32ccef96729676b1\windows-amd64\native-platform.dll
0x00007ffc0f2d0000 - 0x00007ffc0f461000 	C:\Users\Sergey\.gradle\native\12488b8bf47d2d4c9fbf2f6322a914ad602e24e48041cd04a747c6da556b65c4\windows-amd64\native-platform-file-events.dll
0x00007ffc26f60000 - 0x00007ffc26f6d000 	C:\Program Files\Android\Android Studio\jre\jre\bin\management.dll
0x00007ffc357b0000 - 0x00007ffc357c8000 	C:\WINDOWS\SYSTEM32\CRYPTSP.dll
0x0000000064120000 - 0x0000000064131000 	C:\Program Files\Common Files\Crypto Pro\AppCompat\cpadvai.dll
0x0000000064140000 - 0x0000000064147000 	C:\Program Files\Common Files\Crypto Pro\AppCompat\detoured.dll
0x00007ffc34380000 - 0x00007ffc343b4000 	C:\WINDOWS\system32\rsaenh.dll
0x00007ffc35e90000 - 0x00007ffc35eb7000 	C:\WINDOWS\System32\bcrypt.dll
0x00007ffc35d00000 - 0x00007ffc35d2e000 	C:\WINDOWS\SYSTEM32\USERENV.dll
0x00007ffc35e00000 - 0x00007ffc35e82000 	C:\WINDOWS\System32\bcryptprimitives.dll
0x00007ffc357d0000 - 0x00007ffc357dc000 	C:\WINDOWS\SYSTEM32\CRYPTBASE.dll
0x00007ffc34750000 - 0x00007ffc3478b000 	C:\WINDOWS\SYSTEM32\IPHLPAPI.DLL
0x00007ffc36f50000 - 0x00007ffc36f58000 	C:\WINDOWS\System32\NSI.dll
0x00007ffc308c0000 - 0x00007ffc308d7000 	C:\WINDOWS\SYSTEM32\dhcpcsvc6.DLL
0x00007ffc308a0000 - 0x00007ffc308bd000 	C:\WINDOWS\SYSTEM32\dhcpcsvc.DLL
0x00007ffc347c0000 - 0x00007ffc3488b000 	C:\WINDOWS\SYSTEM32\DNSAPI.dll

VM Arguments:
jvm_args: -Xmx2048m -Dfile.encoding=UTF-8 -Duser.country=RU -Duser.language=ru -Duser.variant 
java_command: org.gradle.launcher.daemon.bootstrap.GradleDaemon 7.0
java_class_path (initial): C:\Users\Sergey\.gradle\wrapper\dists\gradle-7.0-bin\2p9ebqfz6ilrfozi676ogco7n\gradle-7.0\lib\gradle-launcher-7.0.jar
Launcher Type: SUN_STANDARD

Environment Variables:
PATH=C:\Program Files\Common Files\Oracle\Java\javapath;C:\WINDOWS\system32;C:\WINDOWS;C:\WINDOWS\System32\Wbem;C:\WINDOWS\System32\WindowsPowerShell\v1.0\;C:\WINDOWS\System32\OpenSSH\;C:\Program Files\Git\cmd;C:\Program Files (x86)\NVIDIA Corporation\PhysX\Common;C:\Program Files\PuTTY\;C:\Users\Sergey\AppData\Local\Microsoft\WindowsApps;C:\Users\Sergey\yandex-cloud\bin;C:\Users\Sergey\flutter\bin;C:\Users\Sergey\platform-tools;C:\Program Files\PostgreSQL\13\bin;C:\Gradle\bin;
USERNAME=Sergey
OS=Windows_NT
PROCESSOR_IDENTIFIER=Intel64 Family 6 Model 63 Stepping 2, GenuineIntel



---------------  S Y S T E M  ---------------

OS: Windows 10.0 , 64 bit Build 19041 (10.0.19041.1706)

CPU:total 12 (initial active 12) (6 cores per cpu, 2 threads per core) family 6 model 63 stepping 2, cmov, cx8, fxsr, mmx, sse, sse2, sse3, ssse3, sse4.1, sse4.2, popcnt, avx, avx2, aes, clmul, erms, lzcnt, ht, tsc, tscinvbit, bmi1, bmi2

Memory: 4k page, physical 16614476k(4695240k free), swap 20808780k(5276k free)

vm_info: OpenJDK 64-Bit Server VM (25.242-b01) for windows-amd64 JRE (1.8.0_242-release-1644-b01), built by "builder" with MS VC++ 10.0 (VS2010)

time: Fri Jun 03 12:22:21 2022
timezone: RTZ 7 (зима)
elapsed time: 9 seconds (0d 0h 0m 9s)

