#
# There is insufficient memory for the Java Runtime Environment to continue.
# Native memory allocation (malloc) failed to allocate 2113456 bytes for Chunk::new
# Possible reasons:
#   The system is out of physical RAM or swap space
#   The process is running with CompressedOops enabled, and the Java Heap may be blocking the growth of the native heap
# Possible solutions:
#   Reduce memory load on the system
#   Increase physical memory or swap space
#   Check if swap backing store is full
#   Decrease Java heap size (-Xmx/-Xms)
#   Decrease number of Java threads
#   Decrease Java thread stack sizes (-Xss)
#   Set larger code cache with -XX:ReservedCodeCacheSize=
#   JVM is running with Unscaled Compressed Oops mode in which the Java heap is
#     placed in the first 4GB address space. The Java Heap base address is the
#     maximum limit for the native heap growth. Please use -XX:HeapBaseMinAddress
#     to set the Java Heap base and to place the Java Heap above 4GB virtual address.
# This output file may be truncated or incomplete.
#
#  Out of Memory Error (allocation.cpp:389), pid=564, tid=0x00000000000007d8
#
# JRE version: OpenJDK Runtime Environment (8.0_242-b01) (build 1.8.0_242-release-1644-b01)
# Java VM: OpenJDK 64-Bit Server VM (25.242-b01 mixed mode windows-amd64 compressed oops)
# Failed to write core dump. Minidumps are not enabled by default on client versions of Windows
#

---------------  T H R E A D  ---------------

Current thread (0x0000000019142000):  JavaThread "C2 CompilerThread2" daemon [_thread_in_native, id=2008, stack(0x000000001a990000,0x000000001aa90000)]

Stack: [0x000000001a990000,0x000000001aa90000]
[error occurred during error reporting (printing stack bounds), id 0xc0000005]

Native frames: (J=compiled Java code, j=interpreted, Vv=VM code, C=native code)


Current CompileTask:
C2:   5289 1625   !   4       java.net.URLClassLoader$1::run (63 bytes)


---------------  P R O C E S S  ---------------

Java Threads: ( => current thread )
  0x0000000019153800 JavaThread "Cache worker for journal cache (C:\Users\Sergey\.gradle\caches\journal-1)" [_thread_blocked, id=13000, stack(0x000000001fd90000,0x000000001fe90000)]
  0x000000001914e000 JavaThread "File lock request listener" [_thread_in_native, id=16020, stack(0x000000001eac0000,0x000000001ebc0000)]
  0x000000001927d000 JavaThread "Cache worker for file hash cache (C:\Users\Sergey\.gradle\caches\7.0\fileHashes)" [_thread_blocked, id=17880, stack(0x000000001e9c0000,0x000000001eac0000)]
  0x000000001cb78000 JavaThread "Daemon client event forwarder" [_thread_blocked, id=22080, stack(0x000000001e6c0000,0x000000001e7c0000)]
  0x000000001cb0b000 JavaThread "Stdin handler" [_thread_blocked, id=20992, stack(0x000000001e5c0000,0x000000001e6c0000)]
  0x000000001cb06000 JavaThread "Asynchronous log dispatcher for DefaultDaemonConnection: socket connection from /127.0.0.1:54350 to /127.0.0.1:54354" [_thread_blocked, id=17764, stack(0x000000001e4c0000,0x000000001e5c0000)]
  0x000000001cb3d800 JavaThread "Daemon worker" [_thread_in_native, id=19488, stack(0x000000001e3c0000,0x000000001e4c0000)]
  0x000000001cb3c000 JavaThread "Cancel handler" [_thread_blocked, id=14704, stack(0x000000001e2c0000,0x000000001e3c0000)]
  0x000000001caf9800 JavaThread "Handler for socket connection from /127.0.0.1:54350 to /127.0.0.1:54354" [_thread_in_native, id=23748, stack(0x000000001e1c0000,0x000000001e2c0000)]
  0x000000001caf6800 JavaThread "Daemon" [_thread_blocked, id=24104, stack(0x000000001e0c0000,0x000000001e1c0000)]
  0x000000001c94f000 JavaThread "Daemon periodic checks" [_thread_blocked, id=8052, stack(0x000000001ddc0000,0x000000001dec0000)]
  0x000000001c936000 JavaThread "Incoming local TCP Connector on port 54350" [_thread_in_native, id=4008, stack(0x000000001db70000,0x000000001dc70000)]
  0x000000001c911800 JavaThread "Daemon health stats" [_thread_blocked, id=16564, stack(0x000000001d730000,0x000000001d830000)]
  0x00000000191dc000 JavaThread "Service Thread" daemon [_thread_blocked, id=17856, stack(0x000000001ab90000,0x000000001ac90000)]
  0x0000000019151000 JavaThread "C1 CompilerThread3" daemon [_thread_blocked, id=8248, stack(0x000000001aa90000,0x000000001ab90000)]
=>0x0000000019142000 JavaThread "C2 CompilerThread2" daemon [_thread_in_native, id=2008, stack(0x000000001a990000,0x000000001aa90000)]
  0x000000001913c000 JavaThread "C2 CompilerThread1" daemon [_thread_in_native, id=9212, stack(0x000000001a890000,0x000000001a990000)]
  0x0000000019138000 JavaThread "C2 CompilerThread0" daemon [_thread_blocked, id=17596, stack(0x000000001a790000,0x000000001a890000)]
  0x0000000019136000 JavaThread "Attach Listener" daemon [_thread_blocked, id=10400, stack(0x000000001a690000,0x000000001a790000)]
  0x0000000019133000 JavaThread "Signal Dispatcher" daemon [_thread_blocked, id=12652, stack(0x000000001a590000,0x000000001a690000)]
  0x0000000017a51800 JavaThread "Finalizer" daemon [_thread_blocked, id=15572, stack(0x000000001a380000,0x000000001a480000)]
  0x0000000019123000 JavaThread "Reference Handler" daemon [_thread_blocked, id=22088, stack(0x000000001a280000,0x000000001a380000)]
  0x00000000025de000 JavaThread "main" [_thread_blocked, id=5460, stack(0x00000000025e0000,0x00000000026e0000)]

Other Threads:
  0x0000000019102800 VMThread [stack: 0x000000001a180000,0x000000001a280000] [id=18560]
  0x00000000191dd800 WatcherThread [stack: 0x000000001ac90000,0x000000001ad90000] [id=23612]

VM state:not at safepoint (normal execution)

VM Mutex/Monitor currently owned by a thread: None

heap address: 0x0000000080000000, size: 2048 MB, Compressed Oops mode: 32-bit
Narrow klass base: 0x0000000000000000, Narrow klass shift: 3
Compressed class space size: 1073741824 Address: 0x0000000100000000

Heap:
 PSYoungGen      total 75776K, used 20756K [0x00000000d5580000, 0x00000000daa00000, 0x0000000100000000)
  eden space 65024K, 15% used [0x00000000d5580000,0x00000000d5f9a930,0x00000000d9500000)
  from space 10752K, 96% used [0x00000000d9500000,0x00000000d9f2a7f8,0x00000000d9f80000)
  to   space 10752K, 0% used [0x00000000d9f80000,0x00000000d9f80000,0x00000000daa00000)
 ParOldGen       total 173568K, used 32K [0x0000000080000000, 0x000000008a980000, 0x00000000d5580000)
  object space 173568K, 0% used [0x0000000080000000,0x0000000080008000,0x000000008a980000)
 Metaspace       used 18521K, capacity 19342K, committed 19584K, reserved 1067008K
  class space    used 2623K, capacity 2833K, committed 2944K, reserved 1048576K

Card table byte_map: [0x0000000011ba0000,0x0000000011fb0000] byte_map_base: 0x00000000117a0000

Marking Bits: (ParMarkBitMap*) 0x000000006153f030
 Begin Bits: [0x0000000012c60000, 0x0000000014c60000)
 End Bits:   [0x0000000014c60000, 0x0000000016c60000)

Polling page: 0x00000000003f0000

CodeCache: size=245760Kb used=6156Kb max_used=6167Kb free=239603Kb
 bounds [0x00000000027e0000, 0x0000000002df0000, 0x00000000117e0000]
 total_blobs=2177 nmethods=1752 adapters=338
 compilation: enabled

Compilation events (10 events):
Event: 5.234 Thread 0x0000000019151000 1748       3       java.util.LinkedList::node (65 bytes)
Event: 5.234 Thread 0x0000000019151000 nmethod 1748 0x0000000002de27d0 code [0x0000000002de2940, 0x0000000002de2c50]
Event: 5.244 Thread 0x0000000019151000 1750       3       java.net.URI::match (56 bytes)
Event: 5.244 Thread 0x0000000019151000 nmethod 1750 0x0000000002de22d0 code [0x0000000002de2440, 0x0000000002de2750]
Event: 5.245 Thread 0x0000000019151000 1752       3       java.net.URI$Parser::scan (73 bytes)
Event: 5.245 Thread 0x0000000019151000 nmethod 1752 0x0000000002de1590 code [0x0000000002de1760, 0x0000000002de1e68]
Event: 5.246 Thread 0x0000000019151000 1751       3       java.net.URL::toURI (54 bytes)
Event: 5.247 Thread 0x0000000019151000 nmethod 1751 0x0000000002de4790 code [0x0000000002de49e0, 0x0000000002de5938]
Event: 5.256 Thread 0x0000000019138000 1753  s!   4       java.net.URLStreamHandler::getHostAddress (54 bytes)
Event: 5.260 Thread 0x0000000019138000 nmethod 1753 0x0000000002de0fd0 code [0x0000000002de1120, 0x0000000002de1458]

GC Heap History (6 events):
Event: 2.321 GC heap before
{Heap before GC invocations=1 (full 0):
 PSYoungGen      total 75776K, used 65024K [0x00000000d5580000, 0x00000000daa00000, 0x0000000100000000)
  eden space 65024K, 100% used [0x00000000d5580000,0x00000000d9500000,0x00000000d9500000)
  from space 10752K, 0% used [0x00000000d9f80000,0x00000000d9f80000,0x00000000daa00000)
  to   space 10752K, 0% used [0x00000000d9500000,0x00000000d9500000,0x00000000d9f80000)
 ParOldGen       total 173568K, used 0K [0x0000000080000000, 0x000000008a980000, 0x00000000d5580000)
  object space 173568K, 0% used [0x0000000080000000,0x0000000080000000,0x000000008a980000)
 Metaspace       used 7830K, capacity 8134K, committed 8320K, reserved 1056768K
  class space    used 956K, capacity 1054K, committed 1152K, reserved 1048576K
Event: 2.334 GC heap after
Heap after GC invocations=1 (full 0):
 PSYoungGen      total 75776K, used 6049K [0x00000000d5580000, 0x00000000daa00000, 0x0000000100000000)
  eden space 65024K, 0% used [0x00000000d5580000,0x00000000d5580000,0x00000000d9500000)
  from space 10752K, 56% used [0x00000000d9500000,0x00000000d9ae8690,0x00000000d9f80000)
  to   space 10752K, 0% used [0x00000000d9f80000,0x00000000d9f80000,0x00000000daa00000)
 ParOldGen       total 173568K, used 16K [0x0000000080000000, 0x000000008a980000, 0x00000000d5580000)
  object space 173568K, 0% used [0x0000000080000000,0x0000000080004000,0x000000008a980000)
 Metaspace       used 7830K, capacity 8134K, committed 8320K, reserved 1056768K
  class space    used 956K, capacity 1054K, committed 1152K, reserved 1048576K
}
Event: 4.148 GC heap before
{Heap before GC invocations=2 (full 0):
 PSYoungGen      total 75776K, used 71073K [0x00000000d5580000, 0x00000000daa00000, 0x0000000100000000)
  eden space 65024K, 100% used [0x00000000d5580000,0x00000000d9500000,0x00000000d9500000)
  from space 10752K, 56% used [0x00000000d9500000,0x00000000d9ae8690,0x00000000d9f80000)
  to   space 10752K, 0% used [0x00000000d9f80000,0x00000000d9f80000,0x00000000daa00000)
 ParOldGen       total 173568K, used 16K [0x0000000080000000, 0x000000008a980000, 0x00000000d5580000)
  object space 173568K, 0% used [0x0000000080000000,0x0000000080004000,0x000000008a980000)
 Metaspace       used 13564K, capacity 14080K, committed 14336K, reserved 1060864K
  class space    used 1836K, capacity 1974K, committed 2048K, reserved 1048576K
Event: 4.169 GC heap after
Heap after GC invocations=2 (full 0):
 PSYoungGen      total 75776K, used 8849K [0x00000000d5580000, 0x00000000daa00000, 0x0000000100000000)
  eden space 65024K, 0% used [0x00000000d5580000,0x00000000d5580000,0x00000000d9500000)
  from space 10752K, 82% used [0x00000000d9f80000,0x00000000da8245f8,0x00000000daa00000)
  to   space 10752K, 0% used [0x00000000d9500000,0x00000000d9500000,0x00000000d9f80000)
 ParOldGen       total 173568K, used 24K [0x0000000080000000, 0x000000008a980000, 0x00000000d5580000)
  object space 173568K, 0% used [0x0000000080000000,0x0000000080006000,0x000000008a980000)
 Metaspace       used 13564K, capacity 14080K, committed 14336K, reserved 1060864K
  class space    used 1836K, capacity 1974K, committed 2048K, reserved 1048576K
}
Event: 5.118 GC heap before
{Heap before GC invocations=3 (full 0):
 PSYoungGen      total 75776K, used 73873K [0x00000000d5580000, 0x00000000daa00000, 0x0000000100000000)
  eden space 65024K, 100% used [0x00000000d5580000,0x00000000d9500000,0x00000000d9500000)
  from space 10752K, 82% used [0x00000000d9f80000,0x00000000da8245f8,0x00000000daa00000)
  to   space 10752K, 0% used [0x00000000d9500000,0x00000000d9500000,0x00000000d9f80000)
 ParOldGen       total 173568K, used 24K [0x0000000080000000, 0x000000008a980000, 0x00000000d5580000)
  object space 173568K, 0% used [0x0000000080000000,0x0000000080006000,0x000000008a980000)
 Metaspace       used 17904K, capacity 18622K, committed 18944K, reserved 1064960K
  class space    used 2534K, capacity 2751K, committed 2816K, reserved 1048576K
Event: 5.134 GC heap after
Heap after GC invocations=3 (full 0):
 PSYoungGen      total 75776K, used 10409K [0x00000000d5580000, 0x00000000daa00000, 0x0000000100000000)
  eden space 65024K, 0% used [0x00000000d5580000,0x00000000d5580000,0x00000000d9500000)
  from space 10752K, 96% used [0x00000000d9500000,0x00000000d9f2a7f8,0x00000000d9f80000)
  to   space 10752K, 0% used [0x00000000d9f80000,0x00000000d9f80000,0x00000000daa00000)
 ParOldGen       total 173568K, used 32K [0x0000000080000000, 0x000000008a980000, 0x00000000d5580000)
  object space 173568K, 0% used [0x0000000080000000,0x0000000080008000,0x000000008a980000)
 Metaspace       used 17904K, capacity 18622K, committed 18944K, reserved 1064960K
  class space    used 2534K, capacity 2751K, committed 2816K, reserved 1048576K
}

Deoptimization events (10 events):
Event: 4.413 Thread 0x000000001cb3d800 Uncommon trap: reason=class_check action=maybe_recompile pc=0x00000000029921e0 method=java.util.regex.Matcher.match(II)Z @ 86
Event: 4.534 Thread 0x000000001cb3d800 Uncommon trap: reason=unstable_if action=reinterpret pc=0x00000000029a0f84 method=java.io.WinNTFileSystem.resolve(Ljava/lang/String;Ljava/lang/String;)Ljava/lang/String; @ 19
Event: 4.536 Thread 0x000000001cb3d800 Uncommon trap: reason=unstable_if action=reinterpret pc=0x0000000002b670dc method=java.io.File.getName()Ljava/lang/String; @ 16
Event: 4.715 Thread 0x000000001cb3d800 Uncommon trap: reason=unstable_if action=reinterpret pc=0x0000000002a41d3c method=java.util.HashMap.getNode(ILjava/lang/Object;)Ljava/util/HashMap$Node; @ 129
Event: 4.715 Thread 0x000000001cb3d800 Uncommon trap: reason=bimorphic action=maybe_recompile pc=0x0000000002cf7a00 method=java.util.HashMap.putVal(ILjava/lang/Object;Ljava/lang/Object;ZZ)Ljava/lang/Object; @ 203
Event: 4.715 Thread 0x000000001cb3d800 Uncommon trap: reason=unstable_if action=reinterpret pc=0x0000000002a37b90 method=java.util.HashMap.getNode(ILjava/lang/Object;)Ljava/util/HashMap$Node; @ 129
Event: 5.072 Thread 0x000000001cb3d800 Uncommon trap: reason=bimorphic action=maybe_recompile pc=0x0000000002cf7a00 method=java.util.HashMap.putVal(ILjava/lang/Object;Ljava/lang/Object;ZZ)Ljava/lang/Object; @ 203
Event: 5.244 Thread 0x000000001cb3d800 Uncommon trap: reason=unstable_if action=reinterpret pc=0x0000000002bf9088 method=java.net.URI.match(CJJ)Z @ 19
Event: 5.244 Thread 0x000000001cb3d800 Uncommon trap: reason=unstable_if action=reinterpret pc=0x00000000029b4688 method=java.net.URI.match(CJJ)Z @ 19
Event: 5.244 Thread 0x000000001cb3d800 Uncommon trap: reason=unstable_if action=reinterpret pc=0x0000000002ace380 method=java.net.URI.match(CJJ)Z @ 19

Classes redefined (0 events):
No events

Internal exceptions (10 events):
Event: 3.777 Thread 0x000000001caf9800 Exception <a 'java/lang/NoSuchMethodError': <clinit>> (0x00000000d8000188) thrown at [C:\src\AOSP-openjdk-git\hotspot\src\share\vm\prims\jni.cpp, line 1615]
Event: 3.798 Thread 0x000000001caf9800 Exception <a 'java/lang/NoSuchMethodError': <clinit>> (0x00000000d8088d90) thrown at [C:\src\AOSP-openjdk-git\hotspot\src\share\vm\prims\jni.cpp, line 1615]
Event: 3.805 Thread 0x000000001caf9800 Exception <a 'java/lang/NoSuchMethodError': <clinit>> (0x00000000d80ba180) thrown at [C:\src\AOSP-openjdk-git\hotspot\src\share\vm\prims\jni.cpp, line 1615]
Event: 3.812 Thread 0x000000001caf9800 Exception <a 'java/lang/NoSuchMethodError': <clinit>> (0x00000000d80e87e0) thrown at [C:\src\AOSP-openjdk-git\hotspot\src\share\vm\prims\jni.cpp, line 1615]
Event: 4.212 Thread 0x000000001cb3d800 Exception <a 'java/lang/NoSuchMethodError': java.lang.Object.lambda$static$0(Lorg/gradle/internal/state/ModelObject;)Ljava/lang/String;> (0x00000000d5743838) thrown at [C:\src\AOSP-openjdk-git\hotspot\src\share\vm\interpreter\linkResolver.cpp, line 620]
Event: 4.359 Thread 0x000000001cb3d800 Exception <a 'java/lang/IncompatibleClassChangeError': Found class java.lang.Object, but interface was expected> (0x00000000d64fd968) thrown at [C:\src\AOSP-openjdk-git\hotspot\src\share\vm\interpreter\linkResolver.cpp, line 653]
Event: 4.619 Thread 0x000000001cb3d800 Exception <a 'java/lang/NoSuchMethodError': java.lang.Object.lambda$and$0(Ljava/util/function/Predicate;Ljava/lang/Object;)Z> (0x00000000d7050328) thrown at [C:\src\AOSP-openjdk-git\hotspot\src\share\vm\interpreter\linkResolver.cpp, line 620]
Event: 4.626 Thread 0x000000001cb3d800 Exception <a 'java/lang/IncompatibleClassChangeError': Found class java.lang.Object, but interface was expected> (0x00000000d70606b8) thrown at [C:\src\AOSP-openjdk-git\hotspot\src\share\vm\interpreter\linkResolver.cpp, line 653]
Event: 4.629 Thread 0x000000001cb3d800 Exception <a 'java/lang/NoSuchMethodError': java.lang.Object.lambda$or$2(Ljava/util/function/Predicate;Ljava/lang/Object;)Z> (0x00000000d70653c8) thrown at [C:\src\AOSP-openjdk-git\hotspot\src\share\vm\interpreter\linkResolver.cpp, line 620]
Event: 4.699 Thread 0x000000001cb3d800 Exception <a 'java/lang/NoSuchMethodError': java.lang.Object.lambda$comparing$77a9974f$1(Ljava/util/function/Function;Ljava/lang/Object;Ljava/lang/Object;)I> (0x00000000d7530580) thrown at [C:\src\AOSP-openjdk-git\hotspot\src\share\vm\interpreter\linkReso

Events (10 events):
Event: 5.283 loading class org/gradle/internal/model/ModelContainer
Event: 5.283 loading class org/gradle/internal/model/ModelContainer done
Event: 5.284 loading class org/gradle/execution/TaskPathProjectEvaluator
Event: 5.284 loading class org/gradle/execution/TaskPathProjectEvaluator done
Event: 5.285 loading class org/gradle/api/BuildCancelledException
Event: 5.285 loading class org/gradle/api/BuildCancelledException done
Event: 5.285 loading class org/gradle/initialization/buildsrc/BuildBuildSrcBuildOperationType$Result
Event: 5.285 loading class org/gradle/initialization/buildsrc/BuildBuildSrcBuildOperationType$Result done
Event: 5.286 loading class org/gradle/initialization/buildsrc/BuildSourceBuilder$1
Event: 5.286 loading class org/gradle/initialization/buildsrc/BuildSourceBuilder$1 done


Dynamic libraries:
0x00007ff7fed80000 - 0x00007ff7fedb1000 	C:\Program Files\Android\Android Studio\jre\bin\java.exe
0x00007ffc386f0000 - 0x00007ffc388e5000 	C:\WINDOWS\SYSTEM32\ntdll.dll
0x00007ffc37290000 - 0x00007ffc3734d000 	C:\WINDOWS\System32\KERNEL32.DLL
0x00007ffc35f80000 - 0x00007ffc3624d000 	C:\WINDOWS\System32\KERNELBASE.dll
0x00007ffc37060000 - 0x00007ffc3710e000 	C:\WINDOWS\System32\ADVAPI32.dll
0x00007ffc37e10000 - 0x00007ffc37eae000 	C:\WINDOWS\System32\msvcrt.dll
0x00007ffc37110000 - 0x00007ffc371ac000 	C:\WINDOWS\System32\sechost.dll
0x00007ffc36e20000 - 0x00007ffc36f45000 	C:\WINDOWS\System32\RPCRT4.dll
0x00007ffc37ae0000 - 0x00007ffc37c80000 	C:\WINDOWS\System32\USER32.dll
0x00007ffc36560000 - 0x00007ffc36582000 	C:\WINDOWS\System32\win32u.dll
0x00007ffc36cb0000 - 0x00007ffc36cda000 	C:\WINDOWS\System32\GDI32.dll
0x00007ffc36450000 - 0x00007ffc3655b000 	C:\WINDOWS\System32\gdi32full.dll
0x00007ffc363b0000 - 0x00007ffc3644d000 	C:\WINDOWS\System32\msvcp_win.dll
0x00007ffc36590000 - 0x00007ffc36690000 	C:\WINDOWS\System32\ucrtbase.dll
0x00007ffc1f960000 - 0x00007ffc1fbfa000 	C:\WINDOWS\WinSxS\amd64_microsoft.windows.common-controls_6595b64144ccf1df_6.0.19041.1110_none_60b5254171f9507e\COMCTL32.dll
0x00007ffc36740000 - 0x00007ffc36770000 	C:\WINDOWS\System32\IMM32.DLL
0x0000000061e90000 - 0x0000000061f62000 	C:\Program Files\Android\Android Studio\jre\jre\bin\msvcr100.dll
0x0000000060d70000 - 0x00000000615bb000 	C:\Program Files\Android\Android Studio\jre\jre\bin\server\jvm.dll
0x00007ffc36ca0000 - 0x00007ffc36ca8000 	C:\WINDOWS\System32\PSAPI.DLL
0x00007ffc2ac60000 - 0x00007ffc2ac87000 	C:\WINDOWS\SYSTEM32\WINMM.dll
0x00007ffc2e9d0000 - 0x00007ffc2e9d9000 	C:\WINDOWS\SYSTEM32\WSOCK32.dll
0x00007ffc2faa0000 - 0x00007ffc2faaa000 	C:\WINDOWS\SYSTEM32\VERSION.dll
0x00007ffc36ff0000 - 0x00007ffc3705b000 	C:\WINDOWS\System32\WS2_32.dll
0x00007ffc2e290000 - 0x00007ffc2e29f000 	C:\Program Files\Android\Android Studio\jre\jre\bin\verify.dll
0x00007ffc26f10000 - 0x00007ffc26f39000 	C:\Program Files\Android\Android Studio\jre\jre\bin\java.dll
0x00007ffc2ac20000 - 0x00007ffc2ac36000 	C:\Program Files\Android\Android Studio\jre\jre\bin\zip.dll
0x00007ffc37eb0000 - 0x00007ffc385f4000 	C:\WINDOWS\System32\SHELL32.dll
0x00007ffc34ba0000 - 0x00007ffc35334000 	C:\WINDOWS\SYSTEM32\windows.storage.dll
0x00007ffc36940000 - 0x00007ffc36c94000 	C:\WINDOWS\System32\combase.dll
0x00007ffc35860000 - 0x00007ffc3588c000 	C:\WINDOWS\SYSTEM32\Wldp.dll
0x00007ffc38600000 - 0x00007ffc386ad000 	C:\WINDOWS\System32\SHCORE.dll
0x00007ffc36dc0000 - 0x00007ffc36e15000 	C:\WINDOWS\System32\shlwapi.dll
0x00007ffc35d40000 - 0x00007ffc35d5f000 	C:\WINDOWS\SYSTEM32\profapi.dll
0x00007ffc2abd0000 - 0x00007ffc2abea000 	C:\Program Files\Android\Android Studio\jre\jre\bin\net.dll
0x00007ffc34ad0000 - 0x00007ffc34b3a000 	C:\WINDOWS\system32\mswsock.dll
0x00007ffc26c80000 - 0x00007ffc26c93000 	C:\Program Files\Android\Android Studio\jre\jre\bin\nio.dll
0x00007ffc128d0000 - 0x00007ffc128f7000 	C:\Users\Sergey\.gradle\native\49d0259a56938c7f99b2704e745ce422c4f750a7a20b539a32ccef96729676b1\windows-amd64\native-platform.dll
0x00007ffc0f2d0000 - 0x00007ffc0f461000 	C:\Users\Sergey\.gradle\native\12488b8bf47d2d4c9fbf2f6322a914ad602e24e48041cd04a747c6da556b65c4\windows-amd64\native-platform-file-events.dll
0x00007ffc26f60000 - 0x00007ffc26f6d000 	C:\Program Files\Android\Android Studio\jre\jre\bin\management.dll
0x00007ffc357b0000 - 0x00007ffc357c8000 	C:\WINDOWS\SYSTEM32\CRYPTSP.dll
0x0000000064120000 - 0x0000000064131000 	C:\Program Files\Common Files\Crypto Pro\AppCompat\cpadvai.dll
0x0000000064140000 - 0x0000000064147000 	C:\Program Files\Common Files\Crypto Pro\AppCompat\detoured.dll
0x00007ffc34380000 - 0x00007ffc343b4000 	C:\WINDOWS\system32\rsaenh.dll
0x00007ffc35e90000 - 0x00007ffc35eb7000 	C:\WINDOWS\System32\bcrypt.dll
0x00007ffc35d00000 - 0x00007ffc35d2e000 	C:\WINDOWS\SYSTEM32\USERENV.dll
0x00007ffc35e00000 - 0x00007ffc35e82000 	C:\WINDOWS\System32\bcryptprimitives.dll
0x00007ffc357d0000 - 0x00007ffc357dc000 	C:\WINDOWS\SYSTEM32\CRYPTBASE.dll
0x00007ffc34750000 - 0x00007ffc3478b000 	C:\WINDOWS\SYSTEM32\IPHLPAPI.DLL
0x00007ffc36f50000 - 0x00007ffc36f58000 	C:\WINDOWS\System32\NSI.dll
0x00007ffc308c0000 - 0x00007ffc308d7000 	C:\WINDOWS\SYSTEM32\dhcpcsvc6.DLL
0x00007ffc308a0000 - 0x00007ffc308bd000 	C:\WINDOWS\SYSTEM32\dhcpcsvc.DLL
0x00007ffc347c0000 - 0x00007ffc3488b000 	C:\WINDOWS\SYSTEM32\DNSAPI.dll

VM Arguments:
jvm_args: -Xmx2048m -Dfile.encoding=UTF-8 -Duser.country=RU -Duser.language=ru -Duser.variant 
java_command: org.gradle.launcher.daemon.bootstrap.GradleDaemon 7.0
java_class_path (initial): C:\Users\Sergey\.gradle\wrapper\dists\gradle-7.0-bin\2p9ebqfz6ilrfozi676ogco7n\gradle-7.0\lib\gradle-launcher-7.0.jar
Launcher Type: SUN_STANDARD

Environment Variables:
PATH=C:\Program Files\Common Files\Oracle\Java\javapath;C:\WINDOWS\system32;C:\WINDOWS;C:\WINDOWS\System32\Wbem;C:\WINDOWS\System32\WindowsPowerShell\v1.0\;C:\WINDOWS\System32\OpenSSH\;C:\Program Files\Git\cmd;C:\Program Files (x86)\NVIDIA Corporation\PhysX\Common;C:\Program Files\PuTTY\;C:\Users\Sergey\AppData\Local\Microsoft\WindowsApps;C:\Users\Sergey\yandex-cloud\bin;C:\Users\Sergey\flutter\bin;C:\Users\Sergey\platform-tools;C:\Program Files\PostgreSQL\13\bin;C:\Gradle\bin;
USERNAME=Sergey
OS=Windows_NT
PROCESSOR_IDENTIFIER=Intel64 Family 6 Model 63 Stepping 2, GenuineIntel



---------------  S Y S T E M  ---------------

OS: Windows 10.0 , 64 bit Build 19041 (10.0.19041.1706)

CPU:total 12 (initial active 12) (6 cores per cpu, 2 threads per core) family 6 model 63 stepping 2, cmov, cx8, fxsr, mmx, sse, sse2, sse3, ssse3, sse4.1, sse4.2, popcnt, avx, avx2, aes, clmul, erms, lzcnt, ht, tsc, tscinvbit, bmi1, bmi2

Memory: 4k page, physical 16614476k(4756672k free), swap 20808780k(5688k free)

vm_info: OpenJDK 64-Bit Server VM (25.242-b01) for windows-amd64 JRE (1.8.0_242-release-1644-b01), built by "builder" with MS VC++ 10.0 (VS2010)

time: Fri Jun 03 12:22:04 2022
timezone: RTZ 7 (зима)
elapsed time: 5 seconds (0d 0h 0m 5s)

