#
# There is insufficient memory for the Java Runtime Environment to continue.
# Native memory allocation (malloc) failed to allocate 1227696 bytes for Chunk::new
# Possible reasons:
#   The system is out of physical RAM or swap space
#   The process is running with CompressedOops enabled, and the Java Heap may be blocking the growth of the native heap
# Possible solutions:
#   Reduce memory load on the system
#   Increase physical memory or swap space
#   Check if swap backing store is full
#   Decrease Java heap size (-Xmx/-Xms)
#   Decrease number of Java threads
#   Decrease Java thread stack sizes (-Xss)
#   Set larger code cache with -XX:ReservedCodeCacheSize=
#   JVM is running with Unscaled Compressed Oops mode in which the Java heap is
#     placed in the first 4GB address space. The Java Heap base address is the
#     maximum limit for the native heap growth. Please use -XX:HeapBaseMinAddress
#     to set the Java Heap base and to place the Java Heap above 4GB virtual address.
# This output file may be truncated or incomplete.
#
#  Out of Memory Error (allocation.cpp:389), pid=25472, tid=0x00000000000022a0
#
# JRE version: OpenJDK Runtime Environment (8.0_242-b01) (build 1.8.0_242-release-1644-b01)
# Java VM: OpenJDK 64-Bit Server VM (25.242-b01 mixed mode windows-amd64 compressed oops)
# Failed to write core dump. Minidumps are not enabled by default on client versions of Windows
#

---------------  T H R E A D  ---------------

Current thread (0x0000000019e1d800):  JavaThread "C2 CompilerThread1" daemon [_thread_in_native, id=8864, stack(0x000000001b570000,0x000000001b670000)]

Stack: [0x000000001b570000,0x000000001b670000]
[error occurred during error reporting (printing stack bounds), id 0xc0000005]

Native frames: (J=compiled Java code, j=interpreted, Vv=VM code, C=native code)


Current CompileTask:
C2: 151475 20621       4       org.gradle.api.internal.artifacts.transform.ConsumerProvidedVariantFinder::matchAttributes (68 bytes)


---------------  P R O C E S S  ---------------

Java Threads: ( => current thread )
  0x000000003246b800 JavaThread "WorkerExecutor Queue Thread 12" [_thread_blocked, id=2512, stack(0x0000000032180000,0x0000000032280000)]
  0x0000000032467000 JavaThread "WorkerExecutor Queue Thread 11" [_thread_in_native, id=1484, stack(0x0000000031bc0000,0x0000000031cc0000)]
  0x000000003246a800 JavaThread "WorkerExecutor Queue Thread 10" [_thread_in_native, id=23616, stack(0x0000000031ac0000,0x0000000031bc0000)]
  0x0000000032465800 JavaThread "WorkerExecutor Queue Thread 9" [_thread_blocked, id=23232, stack(0x00000000319c0000,0x0000000031ac0000)]
  0x000000003245e000 JavaThread "WorkerExecutor Queue Thread 8" [_thread_blocked, id=5952, stack(0x00000000318c0000,0x00000000319c0000)]
  0x0000000032464000 JavaThread "WorkerExecutor Queue Thread 7" [_thread_blocked, id=21888, stack(0x00000000317c0000,0x00000000318c0000)]
  0x0000000032463000 JavaThread "WorkerExecutor Queue Thread 6" [_thread_blocked, id=23308, stack(0x00000000316c0000,0x00000000317c0000)]
  0x000000003245e800 JavaThread "WorkerExecutor Queue Thread 5" [_thread_blocked, id=1392, stack(0x00000000315c0000,0x00000000316c0000)]
  0x0000000032464800 JavaThread "WorkerExecutor Queue Thread 4" [_thread_blocked, id=8248, stack(0x00000000314c0000,0x00000000315c0000)]
  0x0000000032461000 JavaThread "WorkerExecutor Queue Thread 3" [_thread_blocked, id=5488, stack(0x00000000313c0000,0x00000000314c0000)]
  0x0000000032461800 JavaThread "WorkerExecutor Queue Thread 2" [_thread_blocked, id=21192, stack(0x00000000312c0000,0x00000000313c0000)]
  0x0000000032462800 JavaThread "WorkerExecutor Queue" [_thread_blocked, id=16744, stack(0x00000000311c0000,0x00000000312c0000)]
  0x000000003245f800 JavaThread "Cache worker for execution history cache (C:\Users\Sergey\AndroidStudioProjects\diploma_test\.gradle\6.5\executionHistory)" [_thread_blocked, id=19492, stack(0x00000000310c0000,0x00000000311c0000)]
  0x0000000032460000 JavaThread "Execution worker for ':' Thread 11" [_thread_blocked, id=13372, stack(0x0000000030fc0000,0x00000000310c0000)]
  0x000000001a156000 JavaThread "Execution worker for ':' Thread 10" [_thread_blocked, id=14688, stack(0x0000000030ec0000,0x0000000030fc0000)]
  0x000000001a155800 JavaThread "Execution worker for ':' Thread 9" [_thread_blocked, id=11976, stack(0x0000000030dc0000,0x0000000030ec0000)]
  0x000000001a15a800 JavaThread "Execution worker for ':' Thread 8" [_thread_blocked, id=21844, stack(0x0000000030a80000,0x0000000030b80000)]
  0x000000001a154000 JavaThread "Execution worker for ':' Thread 7" [_thread_blocked, id=12412, stack(0x0000000030980000,0x0000000030a80000)]
  0x000000001a153000 JavaThread "Execution worker for ':' Thread 6" [_thread_blocked, id=25504, stack(0x0000000030680000,0x0000000030780000)]
  0x000000001a154800 JavaThread "Execution worker for ':' Thread 5" [_thread_blocked, id=10768, stack(0x0000000030580000,0x0000000030680000)]
  0x000000001a15a000 JavaThread "Execution worker for ':' Thread 4" [_thread_blocked, id=15900, stack(0x0000000030480000,0x0000000030580000)]
  0x000000001a159000 JavaThread "Execution worker for ':' Thread 3" [_thread_blocked, id=10180, stack(0x000000002f080000,0x000000002f180000)]
  0x000000001a158800 JavaThread "Execution worker for ':' Thread 2" [_thread_blocked, id=11116, stack(0x000000002bfd0000,0x000000002c0d0000)]
  0x000000003ad2f000 JavaThread "Execution worker for ':'" [_thread_blocked, id=20588, stack(0x000000002ac90000,0x000000002ad90000)]
  0x000000003ad2e800 JavaThread "Cache worker for file content cache (C:\Users\Sergey\AndroidStudioProjects\diploma_test\.gradle\6.5\fileContent)" [_thread_blocked, id=14172, stack(0x0000000026890000,0x0000000026990000)]
  0x000000003ad2d800 JavaThread "pool-5-thread-1" [_thread_blocked, id=10676, stack(0x0000000026790000,0x0000000026890000)]
  0x000000003ad2a000 JavaThread "Cache worker for Build Output Cleanup Cache (C:\Users\Sergey\AndroidStudioProjects\diploma_test\.gradle\buildOutputCleanup)" [_thread_blocked, id=4728, stack(0x0000000026690000,0x0000000026790000)]
  0x000000003ad2d000 JavaThread "Build operations Thread 12" [_thread_in_native, id=19144, stack(0x0000000026590000,0x0000000026690000)]
  0x000000003ad27800 JavaThread "Build operations Thread 11" [_thread_in_Java, id=8304, stack(0x0000000026490000,0x0000000026590000)]
  0x000000003ad15800 JavaThread "Build operations Thread 10" [_thread_in_Java, id=464, stack(0x0000000026390000,0x0000000026490000)]
  0x000000003ad12800 JavaThread "Build operations Thread 9" [_thread_blocked, id=13584, stack(0x0000000026290000,0x0000000026390000)]
  0x000000003ad17000 JavaThread "Build operations Thread 8" [_thread_in_Java, id=19600, stack(0x0000000026190000,0x0000000026290000)]
  0x000000003ad14000 JavaThread "Build operations Thread 7" [_thread_blocked, id=3676, stack(0x0000000026090000,0x0000000026190000)]
  0x000000003ad12000 JavaThread "Build operations Thread 6" [_thread_in_Java, id=14116, stack(0x0000000025f90000,0x0000000026090000)]
  0x000000003ad18800 JavaThread "Build operations Thread 5" [_thread_in_Java, id=22396, stack(0x0000000025e90000,0x0000000025f90000)]
  0x000000002297e000 JavaThread "Build operations Thread 4" [_thread_blocked, id=12916, stack(0x0000000025d90000,0x0000000025e90000)]
  0x000000002297b000 JavaThread "Build operations Thread 3" [_thread_in_Java, id=23096, stack(0x0000000025c90000,0x0000000025d90000)]
  0x000000002297a800 JavaThread "Build operations Thread 2" [_thread_in_Java, id=18788, stack(0x0000000025990000,0x0000000025a90000)]
  0x000000002297c800 JavaThread "Build operations" [_thread_blocked, id=15344, stack(0x0000000025890000,0x0000000025990000)]
  0x0000000022979800 JavaThread "Cache worker for cache directory md-rule (C:\Users\Sergey\.gradle\caches\6.5\md-rule)" [_thread_blocked, id=23284, stack(0x0000000025790000,0x0000000025890000)]
  0x000000002297c000 JavaThread "Cache worker for cache directory md-supplier (C:\Users\Sergey\.gradle\caches\6.5\md-supplier)" [_thread_blocked, id=18916, stack(0x000000001f3a0000,0x000000001f4a0000)]
  0x000000002297d800 JavaThread "Cache worker for checksums cache (C:\Users\Sergey\AndroidStudioProjects\diploma_test\.gradle\checksums)" [_thread_blocked, id=14280, stack(0x000000001f2a0000,0x000000001f3a0000)]
  0x000000002297f800 JavaThread "Cache worker for file hash cache (C:\Users\Sergey\AndroidStudioProjects\diploma_test\.gradle\6.5\fileHashes)" [_thread_blocked, id=5284, stack(0x000000001f1a0000,0x000000001f2a0000)]
  0x000000002297f000 JavaThread "Thread-282" [_thread_blocked, id=23804, stack(0x000000001f0a0000,0x000000001f1a0000)]
  0x0000000022972000 JavaThread "Stdin handler" [_thread_blocked, id=2508, stack(0x000000001e950000,0x000000001ea50000)]
  0x0000000022979000 JavaThread "Asynchronous log dispatcher for DefaultDaemonConnection: socket connection from /127.0.0.1:53194 to /127.0.0.1:53796" [_thread_blocked, id=23500, stack(0x000000001e850000,0x000000001e950000)]
  0x0000000022971000 JavaThread "Cancel handler" [_thread_blocked, id=10928, stack(0x0000000000df0000,0x0000000000ef0000)]
  0x0000000022976800 JavaThread "Handler for socket connection from /127.0.0.1:53194 to /127.0.0.1:53796" [_thread_in_native, id=11300, stack(0x0000000000cf0000,0x0000000000df0000)]
  0x0000000022970800 JavaThread "jar transforms Thread 184" [_thread_blocked, id=12684, stack(0x000000002ab90000,0x000000002ac90000)]
  0x000000001d8c3000 JavaThread "jar transforms Thread 183" [_thread_blocked, id=22084, stack(0x000000002aa90000,0x000000002ab90000)]
  0x000000001d8be800 JavaThread "jar transforms Thread 182" [_thread_blocked, id=11608, stack(0x000000002a990000,0x000000002aa90000)]
  0x000000001d8c1800 JavaThread "jar transforms Thread 181" [_thread_blocked, id=8484, stack(0x000000002a890000,0x000000002a990000)]
  0x000000001d8c0000 JavaThread "jar transforms Thread 180" [_thread_blocked, id=7912, stack(0x000000002a790000,0x000000002a890000)]
  0x000000001d8bf800 JavaThread "jar transforms Thread 179" [_thread_blocked, id=9424, stack(0x000000002a690000,0x000000002a790000)]
  0x0000000021476800 JavaThread "jar transforms Thread 178" [_thread_blocked, id=4480, stack(0x000000002a590000,0x000000002a690000)]
  0x0000000021476000 JavaThread "jar transforms Thread 177" [_thread_blocked, id=17704, stack(0x000000002a490000,0x000000002a590000)]
  0x0000000021475000 JavaThread "jar transforms Thread 176" [_thread_blocked, id=2460, stack(0x000000002a390000,0x000000002a490000)]
  0x000000002146d800 JavaThread "jar transforms Thread 175" [_thread_blocked, id=9728, stack(0x000000002a290000,0x000000002a390000)]
  0x0000000021473800 JavaThread "jar transforms Thread 174" [_thread_blocked, id=7716, stack(0x000000002a190000,0x000000002a290000)]
  0x0000000021470000 JavaThread "jar transforms Thread 173" [_thread_blocked, id=23912, stack(0x000000002a090000,0x000000002a190000)]
  0x0000000021474800 JavaThread "jar transforms Thread 172" [_thread_blocked, id=25316, stack(0x0000000029f90000,0x000000002a090000)]
  0x0000000021472000 JavaThread "jar transforms Thread 171" [_thread_blocked, id=21100, stack(0x0000000029e90000,0x0000000029f90000)]
  0x000000002146c000 JavaThread "jar transforms Thread 170" [_thread_blocked, id=5584, stack(0x0000000029d90000,0x0000000029e90000)]
  0x000000002146d000 JavaThread "jar transforms Thread 169" [_thread_blocked, id=21108, stack(0x0000000029c90000,0x0000000029d90000)]
  0x0000000021473000 JavaThread "jar transforms Thread 168" [_thread_blocked, id=22384, stack(0x0000000029b90000,0x0000000029c90000)]
  0x0000000021471800 JavaThread "jar transforms Thread 167" [_thread_blocked, id=16412, stack(0x0000000029a90000,0x0000000029b90000)]
  0x000000002146f000 JavaThread "jar transforms Thread 166" [_thread_blocked, id=15584, stack(0x0000000029990000,0x0000000029a90000)]
  0x000000002146b800 JavaThread "jar transforms Thread 165" [_thread_blocked, id=3856, stack(0x0000000029890000,0x0000000029990000)]
  0x000000002146e800 JavaThread "jar transforms Thread 164" [_thread_blocked, id=16112, stack(0x0000000029790000,0x0000000029890000)]
  0x0000000021470800 JavaThread "jar transforms Thread 163" [_thread_blocked, id=25096, stack(0x0000000029690000,0x0000000029790000)]
  0x0000000020423000 JavaThread "jar transforms Thread 162" [_thread_blocked, id=20432, stack(0x0000000029590000,0x0000000029690000)]
  0x0000000020422800 JavaThread "jar transforms Thread 161" [_thread_blocked, id=10932, stack(0x0000000029490000,0x0000000029590000)]
  0x0000000020421800 JavaThread "jar transforms Thread 160" [_thread_blocked, id=9720, stack(0x0000000029390000,0x0000000029490000)]
  0x0000000020421000 JavaThread "jar transforms Thread 159" [_thread_blocked, id=20176, stack(0x0000000029290000,0x0000000029390000)]
  0x0000000020420000 JavaThread "jar transforms Thread 158" [_thread_blocked, id=9540, stack(0x0000000029190000,0x0000000029290000)]
  0x000000002041f800 JavaThread "jar transforms Thread 157" [_thread_blocked, id=20200, stack(0x0000000029090000,0x0000000029190000)]
  0x000000002041e800 JavaThread "jar transforms Thread 156" [_thread_blocked, id=11468, stack(0x0000000028f90000,0x0000000029090000)]
  0x0000000020417000 JavaThread "jar transforms Thread 155" [_thread_blocked, id=14828, stack(0x0000000028e90000,0x0000000028f90000)]
  0x000000002041e000 JavaThread "jar transforms Thread 154" [_thread_blocked, id=21884, stack(0x0000000028d90000,0x0000000028e90000)]
  0x0000000020416800 JavaThread "jar transforms Thread 153" [_thread_blocked, id=11032, stack(0x0000000028c90000,0x0000000028d90000)]
  0x000000002041d000 JavaThread "jar transforms Thread 152" [_thread_blocked, id=2864, stack(0x0000000028b90000,0x0000000028c90000)]
  0x000000002041c800 JavaThread "jar transforms Thread 151" [_thread_blocked, id=24600, stack(0x0000000028a90000,0x0000000028b90000)]
  0x0000000020415000 JavaThread "jar transforms Thread 150" [_thread_blocked, id=296, stack(0x0000000028990000,0x0000000028a90000)]
  0x000000002041b800 JavaThread "jar transforms Thread 149" [_thread_blocked, id=12828, stack(0x0000000028890000,0x0000000028990000)]
  0x000000002041a000 JavaThread "jar transforms Thread 148" [_thread_blocked, id=14728, stack(0x0000000028790000,0x0000000028890000)]
  0x0000000020414000 JavaThread "jar transforms Thread 147" [_thread_blocked, id=24996, stack(0x0000000028690000,0x0000000028790000)]
  0x0000000020419800 JavaThread "jar transforms Thread 146" [_thread_blocked, id=18448, stack(0x0000000028590000,0x0000000028690000)]
  0x000000002041b000 JavaThread "jar transforms Thread 145" [_thread_blocked, id=17624, stack(0x0000000028490000,0x0000000028590000)]
  0x000000001a029000 JavaThread "jar transforms Thread 144" [_thread_blocked, id=24196, stack(0x0000000028390000,0x0000000028490000)]
  0x000000001a028800 JavaThread "jar transforms Thread 143" [_thread_blocked, id=15008, stack(0x0000000028290000,0x0000000028390000)]
  0x000000001a027800 JavaThread "jar transforms Thread 142" [_thread_blocked, id=7696, stack(0x0000000028190000,0x0000000028290000)]
  0x000000001a026000 JavaThread "jar transforms Thread 141" [_thread_blocked, id=24604, stack(0x0000000028090000,0x0000000028190000)]
  0x000000001a024800 JavaThread "jar transforms Thread 140" [_thread_blocked, id=18556, stack(0x0000000027f90000,0x0000000028090000)]
  0x000000001a027000 JavaThread "jar transforms Thread 139" [_thread_blocked, id=23368, stack(0x0000000027e90000,0x0000000027f90000)]
  0x000000001a02b800 JavaThread "jar transforms Thread 138" [_thread_blocked, id=15788, stack(0x0000000027d90000,0x0000000027e90000)]
  0x000000001a02a800 JavaThread "jar transforms Thread 137" [_thread_blocked, id=19360, stack(0x0000000027c90000,0x0000000027d90000)]
  0x000000001a02a000 JavaThread "jar transforms Thread 136" [_thread_blocked, id=22068, stack(0x0000000027b90000,0x0000000027c90000)]
  0x000000001a025800 JavaThread "jar transforms Thread 135" [_thread_blocked, id=11364, stack(0x0000000027a90000,0x0000000027b90000)]
  0x000000001a01d000 JavaThread "jar transforms Thread 134" [_thread_blocked, id=22048, stack(0x0000000027990000,0x0000000027a90000)]
  0x000000001a024000 JavaThread "jar transforms Thread 133" [_thread_blocked, id=7088, stack(0x0000000027890000,0x0000000027990000)]
  0x000000001a01e800 JavaThread "jar transforms Thread 132" [_thread_blocked, id=10472, stack(0x0000000027790000,0x0000000027890000)]
  0x000000001a01c800 JavaThread "jar transforms Thread 131" [_thread_blocked, id=19780, stack(0x0000000027690000,0x0000000027790000)]
  0x000000001a023000 JavaThread "jar transforms Thread 130" [_thread_blocked, id=14112, stack(0x0000000027590000,0x0000000027690000)]
  0x000000001a01f800 JavaThread "jar transforms Thread 129" [_thread_blocked, id=18744, stack(0x0000000027490000,0x0000000027590000)]
  0x000000001a022800 JavaThread "jar transforms Thread 128" [_thread_blocked, id=5764, stack(0x0000000027390000,0x0000000027490000)]
  0x000000001a021800 JavaThread "jar transforms Thread 127" [_thread_blocked, id=24688, stack(0x0000000027290000,0x0000000027390000)]
  0x000000001a162000 JavaThread "jar transforms Thread 126" [_thread_blocked, id=11888, stack(0x0000000027190000,0x0000000027290000)]
  0x000000001a161800 JavaThread "jar transforms Thread 125" [_thread_blocked, id=7428, stack(0x0000000027090000,0x0000000027190000)]
  0x000000001a160800 JavaThread "jar transforms Thread 124" [_thread_blocked, id=13644, stack(0x0000000026f90000,0x0000000027090000)]
  0x000000001a160000 JavaThread "jar transforms Thread 123" [_thread_blocked, id=23400, stack(0x0000000026e90000,0x0000000026f90000)]
  0x000000001a15f000 JavaThread "jar transforms Thread 122" [_thread_blocked, id=5264, stack(0x0000000026d90000,0x0000000026e90000)]
  0x000000001a157000 JavaThread "jar transforms Thread 121" [_thread_blocked, id=11736, stack(0x0000000026c90000,0x0000000026d90000)]
  0x000000001a15d800 JavaThread "jar transforms Thread 120" [_thread_blocked, id=15940, stack(0x0000000026b90000,0x0000000026c90000)]
  0x000000001a15b800 JavaThread "jar transforms Thread 119" [_thread_blocked, id=556, stack(0x0000000026a90000,0x0000000026b90000)]
  0x000000001a157800 JavaThread "jar transforms Thread 118" [_thread_blocked, id=17676, stack(0x0000000026990000,0x0000000026a90000)]
  0x000000003ad29000 JavaThread "jar transforms Thread 117" [_thread_blocked, id=7400, stack(0x0000000025690000,0x0000000025790000)]
  0x000000003ad25800 JavaThread "jar transforms Thread 116" [_thread_blocked, id=19480, stack(0x0000000025590000,0x0000000025690000)]
  0x000000003ad2c000 JavaThread "jar transforms Thread 115" [_thread_blocked, id=12428, stack(0x0000000025490000,0x0000000025590000)]
  0x000000003ad2a800 JavaThread "jar transforms Thread 114" [_thread_blocked, id=9244, stack(0x0000000025390000,0x0000000025490000)]
  0x000000003ad28800 JavaThread "jar transforms Thread 113" [_thread_blocked, id=4408, stack(0x0000000025290000,0x0000000025390000)]
  0x000000003ad24800 JavaThread "jar transforms Thread 112" [_thread_blocked, id=6120, stack(0x0000000025190000,0x0000000025290000)]
  0x000000003ad26000 JavaThread "jar transforms Thread 111" [_thread_blocked, id=10144, stack(0x0000000025090000,0x0000000025190000)]
  0x000000003ad2b800 JavaThread "jar transforms Thread 110" [_thread_blocked, id=11984, stack(0x0000000024f90000,0x0000000025090000)]
  0x000000003ad1d000 JavaThread "jar transforms Thread 109" [_thread_blocked, id=15484, stack(0x0000000024e90000,0x0000000024f90000)]
  0x000000003ad24000 JavaThread "jar transforms Thread 108" [_thread_blocked, id=23508, stack(0x0000000024d90000,0x0000000024e90000)]
  0x000000003ad1c800 JavaThread "jar transforms Thread 107" [_thread_blocked, id=18088, stack(0x0000000024c90000,0x0000000024d90000)]
  0x000000003ad22800 JavaThread "jar transforms Thread 106" [_thread_blocked, id=17412, stack(0x0000000024b90000,0x0000000024c90000)]
  0x000000003ad1f800 JavaThread "jar transforms Thread 105" [_thread_blocked, id=13188, stack(0x0000000024990000,0x0000000024a90000)]
  0x000000003ad23000 JavaThread "jar transforms Thread 104" [_thread_blocked, id=14344, stack(0x0000000024890000,0x0000000024990000)]
  0x000000003ad20000 JavaThread "jar transforms Thread 103" [_thread_blocked, id=24868, stack(0x0000000024790000,0x0000000024890000)]
  0x000000003ad1e800 JavaThread "jar transforms Thread 102" [_thread_blocked, id=17976, stack(0x0000000024690000,0x0000000024790000)]
  0x000000003ad1b000 JavaThread "jar transforms Thread 101" [_thread_blocked, id=23900, stack(0x0000000024590000,0x0000000024690000)]
  0x000000003ad1b800 JavaThread "jar transforms Thread 100" [_thread_blocked, id=24044, stack(0x0000000024490000,0x0000000024590000)]
  0x000000003ad21000 JavaThread "jar transforms Thread 99" [_thread_blocked, id=24024, stack(0x0000000023c90000,0x0000000023d90000)]
  0x000000003ad1e000 JavaThread "jar transforms Thread 98" [_thread_blocked, id=17308, stack(0x0000000023490000,0x0000000023590000)]
  0x000000003ad21800 JavaThread "jar transforms Thread 97" [_thread_blocked, id=14388, stack(0x0000000023390000,0x0000000023490000)]
  0x000000003ad13800 JavaThread "jar transforms Thread 96" [_thread_blocked, id=21440, stack(0x0000000022040000,0x0000000022140000)]
  0x000000003ad1a000 JavaThread "jar transforms Thread 95" [_thread_blocked, id=13460, stack(0x0000000021d40000,0x0000000021e40000)]
  0x000000003ad19800 JavaThread "jar transforms Thread 94" [_thread_blocked, id=21736, stack(0x000000001f5a0000,0x000000001f6a0000)]
  0x000000003ad18000 JavaThread "jar transforms Thread 93" [_thread_blocked, id=20784, stack(0x000000001f4a0000,0x000000001f5a0000)]
  0x000000003ad10800 JavaThread "Daemon worker Thread 2" [_thread_blocked, id=7592, stack(0x000000001efa0000,0x000000001f0a0000)]
  0x000000003ad15000 JavaThread "Daemon Thread 2" [_thread_blocked, id=5612, stack(0x0000000000ad0000,0x0000000000bd0000)]
  0x000000001a01e000 JavaThread "Memory manager" [_thread_blocked, id=22744, stack(0x000000002b6c0000,0x000000002b7c0000)]
  0x000000001d8c2800 JavaThread "Cache worker for file content cache (C:\Users\Sergey\.gradle\caches\6.5\fileContent)" [_thread_blocked, id=4948, stack(0x0000000023d90000,0x0000000023e90000)]
  0x000000001d8c1000 JavaThread "Cache worker for execution history cache (C:\Users\Sergey\.gradle\caches\6.5\executionHistory)" [_thread_blocked, id=4016, stack(0x0000000023590000,0x0000000023690000)]
  0x000000001d8c4800 JavaThread "Cache worker for file hash cache (C:\Users\Sergey\.gradle\caches\6.5\fileHashes)" [_thread_blocked, id=12636, stack(0x000000001faa0000,0x000000001fba0000)]
  0x000000001d8be000 JavaThread "File lock request listener" [_thread_in_native, id=24836, stack(0x000000001f9a0000,0x000000001faa0000)]
  0x000000001db1c000 JavaThread "Cache worker for journal cache (C:\Users\Sergey\.gradle\caches\journal-1)" [_thread_in_native, id=7244, stack(0x000000001f8a0000,0x000000001f9a0000)]
  0x000000001d6cc800 JavaThread "Daemon periodic checks" [_thread_blocked, id=14952, stack(0x000000001eca0000,0x000000001eda0000)]
  0x000000001d6c6800 JavaThread "Incoming local TCP Connector on port 53194" [_thread_in_native, id=25412, stack(0x000000001ea50000,0x000000001eb50000)]
  0x000000001d643800 JavaThread "Daemon health stats" [_thread_blocked, id=4760, stack(0x000000001e410000,0x000000001e510000)]
  0x0000000019ea5800 JavaThread "Service Thread" daemon [_thread_blocked, id=21344, stack(0x000000001b870000,0x000000001b970000)]
  0x0000000019e26000 JavaThread "C1 CompilerThread3" daemon [_thread_in_native, id=8188, stack(0x000000001b770000,0x000000001b870000)]
  0x0000000019e25000 JavaThread "C2 CompilerThread2" daemon [_thread_in_native, id=20376, stack(0x000000001b670000,0x000000001b770000)]
=>0x0000000019e1d800 JavaThread "C2 CompilerThread1" daemon [_thread_in_native, id=8864, stack(0x000000001b570000,0x000000001b670000)]
  0x0000000019e18800 JavaThread "C2 CompilerThread0" daemon [_thread_in_native, id=14880, stack(0x000000001b470000,0x000000001b570000)]
  0x0000000019e16000 JavaThread "Attach Listener" daemon [_thread_blocked, id=15700, stack(0x000000001b370000,0x000000001b470000)]
  0x0000000019e13000 JavaThread "Signal Dispatcher" daemon [_thread_blocked, id=2344, stack(0x000000001b270000,0x000000001b370000)]
  0x0000000018742000 JavaThread "Finalizer" daemon [_thread_blocked, id=10816, stack(0x000000001b060000,0x000000001b160000)]
  0x0000000019e03000 JavaThread "Reference Handler" daemon [_thread_blocked, id=11568, stack(0x000000001af60000,0x000000001b060000)]
  0x0000000002c7e000 JavaThread "main" [_thread_blocked, id=18568, stack(0x00000000028f0000,0x00000000029f0000)]

Other Threads:
  0x0000000018735800 VMThread [stack: 0x000000001ae60000,0x000000001af60000] [id=288]
  0x0000000019ea6800 WatcherThread [stack: 0x000000001b970000,0x000000001ba70000] [id=16260]

VM state:not at safepoint (normal execution)

VM Mutex/Monitor currently owned by a thread: None

heap address: 0x0000000080000000, size: 2048 MB, Compressed Oops mode: 32-bit
Narrow klass base: 0x0000000000000000, Narrow klass shift: 3
Compressed class space size: 1073741824 Address: 0x0000000100000000

Heap:
 PSYoungGen      total 543232K, used 391712K [0x00000000d5580000, 0x0000000100000000, 0x0000000100000000)
  eden space 498176K, 71% used [0x00000000d5580000,0x00000000eaf6c0c0,0x00000000f3c00000)
  from space 45056K, 83% used [0x00000000f8600000,0x00000000faa9c0f0,0x00000000fb200000)
  to   space 75776K, 0% used [0x00000000f3c00000,0x00000000f3c00000,0x00000000f8600000)
 ParOldGen       total 231936K, used 146689K [0x0000000080000000, 0x000000008e280000, 0x00000000d5580000)
  object space 231936K, 63% used [0x0000000080000000,0x0000000088f40648,0x000000008e280000)
 Metaspace       used 105749K, capacity 111554K, committed 113560K, reserved 1146880K
  class space    used 13857K, capacity 14986K, committed 15536K, reserved 1048576K

Card table byte_map: [0x0000000012890000,0x0000000012ca0000] byte_map_base: 0x0000000012490000

Marking Bits: (ParMarkBitMap*) 0x000000000344f030
 Begin Bits: [0x0000000013950000, 0x0000000015950000)
 End Bits:   [0x0000000015950000, 0x0000000017950000)

Polling page: 0x00000000010b0000

CodeCache: size=245760Kb used=55342Kb max_used=55342Kb free=190418Kb
 bounds [0x00000000034d0000, 0x0000000006b20000, 0x00000000124d0000]
 total_blobs=17806 nmethods=16889 adapters=828
 compilation: enabled

Compilation events (10 events):
Event: 151.297 Thread 0x0000000019e26000 nmethod 20938 0x0000000006aeb7d0 code [0x0000000006aeb940, 0x0000000006aebae8]
Event: 151.299 Thread 0x0000000019e26000 20940 %     3       com.android.tools.r8.ir.regalloc.a::a @ 976 (3992 bytes)
Event: 151.413 Thread 0x0000000019e26000 nmethod 20940% 0x0000000006aebb90 code [0x0000000006aedac0, 0x0000000006b03938]
Event: 151.413 Thread 0x0000000019e26000 20984       2       com.android.tools.r8.graph.I0$d::b (116 bytes)
Event: 151.416 Thread 0x0000000019e26000 nmethod 20984 0x0000000006b11550 code [0x0000000006b11740, 0x0000000006b11dd8]
Event: 151.416 Thread 0x0000000019e26000 20954       2       com.android.tools.r8.z.a.a.u::b (35 bytes)
Event: 151.417 Thread 0x0000000019e26000 nmethod 20954 0x0000000006b123d0 code [0x0000000006b12540, 0x0000000006b12778]
Event: 151.417 Thread 0x0000000019e26000 20941       2       org.gradle.util.GFileUtils::mkdirs (253 bytes)
Event: 151.428 Thread 0x0000000019e26000 nmethod 20941 0x0000000006b12890 code [0x0000000006b12da0, 0x0000000006b14da8]
Event: 151.428 Thread 0x0000000019e26000 20989 %     3       com.android.tools.r8.ir.regalloc.a::a @ 179 (3992 bytes)

GC Heap History (10 events):
Event: 35.856 GC heap before
{Heap before GC invocations=28 (full 3):
 PSYoungGen      total 514048K, used 484534K [0x00000000d5580000, 0x00000000f8380000, 0x0000000100000000)
  eden space 462848K, 100% used [0x00000000d5580000,0x00000000f1980000,0x00000000f1980000)
  from space 51200K, 42% used [0x00000000f5180000,0x00000000f66ad860,0x00000000f8380000)
  to   space 54272K, 0% used [0x00000000f1980000,0x00000000f1980000,0x00000000f4e80000)
 ParOldGen       total 231936K, used 157691K [0x0000000080000000, 0x000000008e280000, 0x00000000d5580000)
  object space 231936K, 67% used [0x0000000080000000,0x00000000899fec68,0x000000008e280000)
 Metaspace       used 87608K, capacity 94682K, committed 94744K, reserved 1130496K
  class space    used 12097K, capacity 13298K, committed 13360K, reserved 1048576K
Event: 35.875 GC heap after
Heap after GC invocations=28 (full 3):
 PSYoungGen      total 517120K, used 28066K [0x00000000d5580000, 0x00000000fb600000, 0x0000000100000000)
  eden space 462848K, 0% used [0x00000000d5580000,0x00000000d5580000,0x00000000f1980000)
  from space 54272K, 51% used [0x00000000f1980000,0x00000000f34e8a00,0x00000000f4e80000)
  to   space 49152K, 0% used [0x00000000f8600000,0x00000000f8600000,0x00000000fb600000)
 ParOldGen       total 231936K, used 157699K [0x0000000080000000, 0x000000008e280000, 0x00000000d5580000)
  object space 231936K, 67% used [0x0000000080000000,0x0000000089a00c68,0x000000008e280000)
 Metaspace       used 87608K, capacity 94682K, committed 94744K, reserved 1130496K
  class space    used 12097K, capacity 13298K, committed 13360K, reserved 1048576K
}
Event: 37.390 GC heap before
{Heap before GC invocations=29 (full 3):
 PSYoungGen      total 517120K, used 490914K [0x00000000d5580000, 0x00000000fb600000, 0x0000000100000000)
  eden space 462848K, 100% used [0x00000000d5580000,0x00000000f1980000,0x00000000f1980000)
  from space 54272K, 51% used [0x00000000f1980000,0x00000000f34e8a00,0x00000000f4e80000)
  to   space 49152K, 0% used [0x00000000f8600000,0x00000000f8600000,0x00000000fb600000)
 ParOldGen       total 231936K, used 157699K [0x0000000080000000, 0x000000008e280000, 0x00000000d5580000)
  object space 231936K, 67% used [0x0000000080000000,0x0000000089a00c68,0x000000008e280000)
 Metaspace       used 87667K, capacity 94746K, committed 95000K, reserved 1130496K
  class space    used 12097K, capacity 13298K, committed 13360K, reserved 1048576K
Event: 37.432 GC heap after
Heap after GC invocations=29 (full 3):
 PSYoungGen      total 568832K, used 24957K [0x00000000d5580000, 0x00000000fb200000, 0x0000000100000000)
  eden space 523776K, 0% used [0x00000000d5580000,0x00000000d5580000,0x00000000f5500000)
  from space 45056K, 55% used [0x00000000f8600000,0x00000000f9e5f588,0x00000000fb200000)
  to   space 47616K, 0% used [0x00000000f5500000,0x00000000f5500000,0x00000000f8380000)
 ParOldGen       total 231936K, used 157699K [0x0000000080000000, 0x000000008e280000, 0x00000000d5580000)
  object space 231936K, 67% used [0x0000000080000000,0x0000000089a00c68,0x000000008e280000)
 Metaspace       used 87667K, capacity 94746K, committed 95000K, reserved 1130496K
  class space    used 12097K, capacity 13298K, committed 13360K, reserved 1048576K
}
Event: 42.564 GC heap before
{Heap before GC invocations=30 (full 3):
 PSYoungGen      total 568832K, used 548733K [0x00000000d5580000, 0x00000000fb200000, 0x0000000100000000)
  eden space 523776K, 100% used [0x00000000d5580000,0x00000000f5500000,0x00000000f5500000)
  from space 45056K, 55% used [0x00000000f8600000,0x00000000f9e5f588,0x00000000fb200000)
  to   space 47616K, 0% used [0x00000000f5500000,0x00000000f5500000,0x00000000f8380000)
 ParOldGen       total 231936K, used 157699K [0x0000000080000000, 0x000000008e280000, 0x00000000d5580000)
  object space 231936K, 67% used [0x0000000080000000,0x0000000089a00c68,0x000000008e280000)
 Metaspace       used 88495K, capacity 95812K, committed 95896K, reserved 1132544K
  class space    used 12196K, capacity 13417K, committed 13488K, reserved 1048576K
Event: 42.705 GC heap after
Heap after GC invocations=30 (full 3):
 PSYoungGen      total 571392K, used 47594K [0x00000000d5580000, 0x00000000fb200000, 0x0000000100000000)
  eden space 523776K, 0% used [0x00000000d5580000,0x00000000d5580000,0x00000000f5500000)
  from space 47616K, 99% used [0x00000000f5500000,0x00000000f837a858,0x00000000f8380000)
  to   space 45056K, 0% used [0x00000000f8600000,0x00000000f8600000,0x00000000fb200000)
 ParOldGen       total 231936K, used 221780K [0x0000000080000000, 0x000000008e280000, 0x00000000d5580000)
  object space 231936K, 95% used [0x0000000080000000,0x000000008d895030,0x000000008e280000)
 Metaspace       used 88495K, capacity 95812K, committed 95896K, reserved 1132544K
  class space    used 12196K, capacity 13417K, committed 13488K, reserved 1048576K
}
Event: 42.705 GC heap before
{Heap before GC invocations=31 (full 4):
 PSYoungGen      total 571392K, used 47594K [0x00000000d5580000, 0x00000000fb200000, 0x0000000100000000)
  eden space 523776K, 0% used [0x00000000d5580000,0x00000000d5580000,0x00000000f5500000)
  from space 47616K, 99% used [0x00000000f5500000,0x00000000f837a858,0x00000000f8380000)
  to   space 45056K, 0% used [0x00000000f8600000,0x00000000f8600000,0x00000000fb200000)
 ParOldGen       total 231936K, used 221780K [0x0000000080000000, 0x000000008e280000, 0x00000000d5580000)
  object space 231936K, 95% used [0x0000000080000000,0x000000008d895030,0x000000008e280000)
 Metaspace       used 88495K, capacity 95812K, committed 95896K, reserved 1132544K
  class space    used 12196K, capacity 13417K, committed 13488K, reserved 1048576K
Event: 43.679 GC heap after
Heap after GC invocations=31 (full 4):
 PSYoungGen      total 571392K, used 0K [0x00000000d5580000, 0x00000000fb200000, 0x0000000100000000)
  eden space 523776K, 0% used [0x00000000d5580000,0x00000000d5580000,0x00000000f5500000)
  from space 47616K, 0% used [0x00000000f5500000,0x00000000f5500000,0x00000000f8380000)
  to   space 45056K, 0% used [0x00000000f8600000,0x00000000f8600000,0x00000000fb200000)
 ParOldGen       total 231936K, used 146681K [0x0000000080000000, 0x000000008e280000, 0x00000000d5580000)
  object space 231936K, 63% used [0x0000000080000000,0x0000000088f3e648,0x000000008e280000)
 Metaspace       used 86919K, capacity 91564K, committed 95896K, reserved 1132544K
  class space    used 11659K, capacity 12471K, committed 13488K, reserved 1048576K
}
Event: 121.689 GC heap before
{Heap before GC invocations=32 (full 4):
 PSYoungGen      total 571392K, used 523776K [0x00000000d5580000, 0x00000000fb200000, 0x0000000100000000)
  eden space 523776K, 100% used [0x00000000d5580000,0x00000000f5500000,0x00000000f5500000)
  from space 47616K, 0% used [0x00000000f5500000,0x00000000f5500000,0x00000000f8380000)
  to   space 45056K, 0% used [0x00000000f8600000,0x00000000f8600000,0x00000000fb200000)
 ParOldGen       total 231936K, used 146681K [0x0000000080000000, 0x000000008e280000, 0x00000000d5580000)
  object space 231936K, 63% used [0x0000000080000000,0x0000000088f3e648,0x000000008e280000)
 Metaspace       used 103179K, capacity 108632K, committed 111640K, reserved 1144832K
  class space    used 13547K, capacity 14609K, committed 15408K, reserved 1048576K
Event: 121.740 GC heap after
Heap after GC invocations=32 (full 4):
 PSYoungGen      total 543232K, used 37488K [0x00000000d5580000, 0x0000000100000000, 0x0000000100000000)
  eden space 498176K, 0% used [0x00000000d5580000,0x00000000d5580000,0x00000000f3c00000)
  from space 45056K, 83% used [0x00000000f8600000,0x00000000faa9c0f0,0x00000000fb200000)
  to   space 75776K, 0% used [0x00000000f3c00000,0x00000000f3c00000,0x00000000f8600000)
 ParOldGen       total 231936K, used 146689K [0x0000000080000000, 0x000000008e280000, 0x00000000d5580000)
  object space 231936K, 63% used [0x0000000080000000,0x0000000088f40648,0x000000008e280000)
 Metaspace       used 103179K, capacity 108632K, committed 111640K, reserved 1144832K
  class space    used 13547K, capacity 14609K, committed 15408K, reserved 1048576K
}

Deoptimization events (10 events):
Event: 150.692 Thread 0x000000003246a800 Uncommon trap: reason=bimorphic action=maybe_recompile pc=0x0000000005c30d90 method=java.io.ObjectInputStream$PeekInputStream.read()I @ 23
Event: 150.692 Thread 0x000000003246a800 Uncommon trap: reason=bimorphic action=maybe_recompile pc=0x0000000005c30d90 method=java.io.ObjectInputStream$PeekInputStream.read()I @ 23
Event: 150.692 Thread 0x000000003246a800 Uncommon trap: reason=bimorphic action=maybe_recompile pc=0x0000000005c30d90 method=java.io.ObjectInputStream$PeekInputStream.read()I @ 23
Event: 150.693 Thread 0x000000003246a800 Uncommon trap: reason=bimorphic action=maybe_recompile pc=0x0000000005c6b038 method=java.io.ObjectInputStream$PeekInputStream.read()I @ 23
Event: 150.765 Thread 0x000000001a153000 Uncommon trap: reason=unstable_if action=reinterpret pc=0x0000000003776a64 method=java.io.BufferedOutputStream.write(I)V @ 9
Event: 151.193 Thread 0x000000002297a800 Uncommon trap: reason=unstable_if action=reinterpret pc=0x0000000005133a30 method=com.android.tools.r8.graph.i0.a(ILjava/lang/String;)Z @ 7
Event: 151.194 Thread 0x000000002297a800 Uncommon trap: reason=unstable_if action=reinterpret pc=0x0000000004bd1210 method=com.android.tools.r8.z.a.a.f.a(II[C)Ljava/lang/String; @ 32
Event: 151.194 Thread 0x000000002297a800 Uncommon trap: reason=unstable_if action=reinterpret pc=0x00000000049b1c08 method=com.android.tools.r8.graph.i0.a(ILjava/lang/String;)Z @ 7
Event: 151.240 Thread 0x000000002297a800 Uncommon trap: reason=unstable_if action=reinterpret pc=0x0000000005263eac method=com.android.tools.r8.graph.i0.b(Lcom/android/tools/r8/graph/i0;)I @ 83
Event: 151.296 Thread 0x000000003ad17000 Uncommon trap: reason=unstable_if action=reinterpret pc=0x000000000556c4e8 method=com.android.tools.r8.ir.regalloc.a.a(Lcom/android/tools/r8/ir/regalloc/a$a;Z)Lcom/android/tools/r8/ir/regalloc/a$a; @ 1642

Classes redefined (0 events):
No events

Internal exceptions (10 events):
Event: 151.209 Thread 0x000000003ad18800 Exception <a 'sun/nio/fs/WindowsException'> (0x00000000e48f2e08) thrown at [C:\src\AOSP-openjdk-git\hotspot\src\share\vm\prims\jni.cpp, line 710]
Event: 151.223 Thread 0x000000003ad12800 Exception <a 'sun/nio/fs/WindowsException'> (0x00000000e4bb1b98) thrown at [C:\src\AOSP-openjdk-git\hotspot\src\share\vm\prims\jni.cpp, line 710]
Event: 151.245 Thread 0x000000002297b000 Exception <a 'sun/nio/fs/WindowsException'> (0x00000000e53896c0) thrown at [C:\src\AOSP-openjdk-git\hotspot\src\share\vm\prims\jni.cpp, line 710]
Event: 151.249 Thread 0x000000002297a800 Exception <a 'sun/nio/fs/WindowsException'> (0x00000000e4fe7c48) thrown at [C:\src\AOSP-openjdk-git\hotspot\src\share\vm\prims\jni.cpp, line 710]
Event: 151.285 Thread 0x000000003ad27800 Exception <a 'sun/nio/fs/WindowsException'> (0x00000000e5dd9938) thrown at [C:\src\AOSP-openjdk-git\hotspot\src\share\vm\prims\jni.cpp, line 710]
Event: 151.303 Thread 0x000000003ad15800 Exception <a 'sun/nio/fs/WindowsException'> (0x00000000e68c7890) thrown at [C:\src\AOSP-openjdk-git\hotspot\src\share\vm\prims\jni.cpp, line 710]
Event: 151.318 Thread 0x000000002297a800 Exception <a 'sun/nio/fs/WindowsException'> (0x00000000e6e14db0) thrown at [C:\src\AOSP-openjdk-git\hotspot\src\share\vm\prims\jni.cpp, line 710]
Event: 151.444 Thread 0x000000003ad12800 Exception <a 'sun/nio/fs/WindowsException'> (0x00000000e9bb1088) thrown at [C:\src\AOSP-openjdk-git\hotspot\src\share\vm\prims\jni.cpp, line 710]
Event: 151.464 Thread 0x000000002297b000 Exception <a 'sun/nio/fs/WindowsException'> (0x00000000ea272f10) thrown at [C:\src\AOSP-openjdk-git\hotspot\src\share\vm\prims\jni.cpp, line 710]
Event: 151.464 Thread 0x000000003ad12000 Exception <a 'sun/nio/fs/WindowsException'> (0x00000000ea384918) thrown at [C:\src\AOSP-openjdk-git\hotspot\src\share\vm\prims\jni.cpp, line 710]

Events (10 events):
Event: 151.457 Thread 0x000000002297b000 DEOPT PACKING pc=0x0000000006ae9ec6 sp=0x0000000025d8aa30
Event: 151.457 Thread 0x000000002297b000 DEOPT UNPACKING pc=0x00000000035175d0 sp=0x0000000025d8a720 mode 0
Event: 151.458 Thread 0x000000002297b000 DEOPT PACKING pc=0x0000000006ae9ec6 sp=0x0000000025d8aab0
Event: 151.458 Thread 0x000000002297b000 DEOPT UNPACKING pc=0x00000000035175d0 sp=0x0000000025d8a7a0 mode 0
Event: 151.460 Thread 0x000000002297a800 DEOPT PACKING pc=0x0000000006ae9ec6 sp=0x0000000025a8a800
Event: 151.460 Thread 0x000000002297a800 DEOPT UNPACKING pc=0x00000000035175d0 sp=0x0000000025a8a4f0 mode 0
Event: 151.462 Thread 0x000000002297b000 DEOPT PACKING pc=0x0000000006ae9ec6 sp=0x0000000025d8a5a0
Event: 151.462 Thread 0x000000002297b000 DEOPT UNPACKING pc=0x00000000035175d0 sp=0x0000000025d8a290 mode 0
Event: 151.464 Thread 0x000000002297a800 DEOPT PACKING pc=0x00000000047d7466 sp=0x0000000025a8a1b0
Event: 151.464 Thread 0x000000002297a800 DEOPT UNPACKING pc=0x00000000035175d0 sp=0x0000000025a8a0a8 mode 0


Dynamic libraries:
0x00007ff7fed80000 - 0x00007ff7fedb1000 	C:\Program Files\Android\Android Studio\jre\bin\java.exe
0x00007ffc386f0000 - 0x00007ffc388e5000 	C:\WINDOWS\SYSTEM32\ntdll.dll
0x00007ffc37290000 - 0x00007ffc3734d000 	C:\WINDOWS\System32\KERNEL32.DLL
0x00007ffc35f80000 - 0x00007ffc3624d000 	C:\WINDOWS\System32\KERNELBASE.dll
0x00007ffc37060000 - 0x00007ffc3710e000 	C:\WINDOWS\System32\ADVAPI32.dll
0x00007ffc37e10000 - 0x00007ffc37eae000 	C:\WINDOWS\System32\msvcrt.dll
0x00007ffc37110000 - 0x00007ffc371ac000 	C:\WINDOWS\System32\sechost.dll
0x00007ffc36e20000 - 0x00007ffc36f45000 	C:\WINDOWS\System32\RPCRT4.dll
0x00007ffc37ae0000 - 0x00007ffc37c80000 	C:\WINDOWS\System32\USER32.dll
0x00007ffc36560000 - 0x00007ffc36582000 	C:\WINDOWS\System32\win32u.dll
0x00007ffc36cb0000 - 0x00007ffc36cda000 	C:\WINDOWS\System32\GDI32.dll
0x00007ffc36450000 - 0x00007ffc3655b000 	C:\WINDOWS\System32\gdi32full.dll
0x00007ffc363b0000 - 0x00007ffc3644d000 	C:\WINDOWS\System32\msvcp_win.dll
0x00007ffc36590000 - 0x00007ffc36690000 	C:\WINDOWS\System32\ucrtbase.dll
0x00007ffc1f960000 - 0x00007ffc1fbfa000 	C:\WINDOWS\WinSxS\amd64_microsoft.windows.common-controls_6595b64144ccf1df_6.0.19041.1110_none_60b5254171f9507e\COMCTL32.dll
0x00007ffc36740000 - 0x00007ffc36770000 	C:\WINDOWS\System32\IMM32.DLL
0x0000000061e90000 - 0x0000000061f62000 	C:\Program Files\Android\Android Studio\jre\jre\bin\msvcr100.dll
0x0000000002c80000 - 0x00000000034cb000 	C:\Program Files\Android\Android Studio\jre\jre\bin\server\jvm.dll
0x00007ffc36ca0000 - 0x00007ffc36ca8000 	C:\WINDOWS\System32\PSAPI.DLL
0x00007ffc2ac60000 - 0x00007ffc2ac87000 	C:\WINDOWS\SYSTEM32\WINMM.dll
0x00007ffc2faa0000 - 0x00007ffc2faaa000 	C:\WINDOWS\SYSTEM32\VERSION.dll
0x00007ffc2e9d0000 - 0x00007ffc2e9d9000 	C:\WINDOWS\SYSTEM32\WSOCK32.dll
0x00007ffc36ff0000 - 0x00007ffc3705b000 	C:\WINDOWS\System32\WS2_32.dll
0x00007ffc2e290000 - 0x00007ffc2e29f000 	C:\Program Files\Android\Android Studio\jre\jre\bin\verify.dll
0x00007ffc26f10000 - 0x00007ffc26f39000 	C:\Program Files\Android\Android Studio\jre\jre\bin\java.dll
0x00007ffc2ac20000 - 0x00007ffc2ac36000 	C:\Program Files\Android\Android Studio\jre\jre\bin\zip.dll
0x00007ffc37eb0000 - 0x00007ffc385f4000 	C:\WINDOWS\System32\SHELL32.dll
0x00007ffc34ba0000 - 0x00007ffc35334000 	C:\WINDOWS\SYSTEM32\windows.storage.dll
0x00007ffc36940000 - 0x00007ffc36c94000 	C:\WINDOWS\System32\combase.dll
0x00007ffc35860000 - 0x00007ffc3588c000 	C:\WINDOWS\SYSTEM32\Wldp.dll
0x00007ffc38600000 - 0x00007ffc386ad000 	C:\WINDOWS\System32\SHCORE.dll
0x00007ffc36dc0000 - 0x00007ffc36e15000 	C:\WINDOWS\System32\shlwapi.dll
0x00007ffc35d40000 - 0x00007ffc35d5f000 	C:\WINDOWS\SYSTEM32\profapi.dll
0x00007ffc2abd0000 - 0x00007ffc2abea000 	C:\Program Files\Android\Android Studio\jre\jre\bin\net.dll
0x00007ffc34ad0000 - 0x00007ffc34b3a000 	C:\WINDOWS\system32\mswsock.dll
0x00007ffc26c80000 - 0x00007ffc26c93000 	C:\Program Files\Android\Android Studio\jre\jre\bin\nio.dll
0x00007ffc1b8a0000 - 0x00007ffc1b8c7000 	C:\Users\Sergey\.gradle\native\f6784746aeab05261644944871eae4fe03e0ef1612fff0a4a95f87b438bc6780\windows-amd64\native-platform.dll
0x00007ffc26f60000 - 0x00007ffc26f6d000 	C:\Program Files\Android\Android Studio\jre\jre\bin\management.dll
0x00007ffc357b0000 - 0x00007ffc357c8000 	C:\WINDOWS\SYSTEM32\CRYPTSP.dll
0x0000000064120000 - 0x0000000064131000 	C:\Program Files\Common Files\Crypto Pro\AppCompat\cpadvai.dll
0x0000000064140000 - 0x0000000064147000 	C:\Program Files\Common Files\Crypto Pro\AppCompat\detoured.dll
0x00007ffc34380000 - 0x00007ffc343b4000 	C:\WINDOWS\system32\rsaenh.dll
0x00007ffc35e90000 - 0x00007ffc35eb7000 	C:\WINDOWS\System32\bcrypt.dll
0x00007ffc35d00000 - 0x00007ffc35d2e000 	C:\WINDOWS\SYSTEM32\USERENV.dll
0x00007ffc35e00000 - 0x00007ffc35e82000 	C:\WINDOWS\System32\bcryptprimitives.dll
0x00007ffc357d0000 - 0x00007ffc357dc000 	C:\WINDOWS\SYSTEM32\CRYPTBASE.dll
0x00007ffc34750000 - 0x00007ffc3478b000 	C:\WINDOWS\SYSTEM32\IPHLPAPI.DLL
0x00007ffc36f50000 - 0x00007ffc36f58000 	C:\WINDOWS\System32\NSI.dll
0x00007ffc308c0000 - 0x00007ffc308d7000 	C:\WINDOWS\SYSTEM32\dhcpcsvc6.DLL
0x00007ffc308a0000 - 0x00007ffc308bd000 	C:\WINDOWS\SYSTEM32\dhcpcsvc.DLL
0x00007ffc347c0000 - 0x00007ffc3488b000 	C:\WINDOWS\SYSTEM32\DNSAPI.dll
0x00007ffc30e60000 - 0x00007ffc30e6b000 	C:\WINDOWS\SYSTEM32\WINNSI.DLL
0x00007ffc12930000 - 0x00007ffc12954000 	C:\Program Files\Android\Android Studio\jre\jre\bin\sunec.dll
0x00007ffc2e860000 - 0x00007ffc2e86a000 	C:\Windows\System32\rasadhlp.dll
0x00007ffc30ce0000 - 0x00007ffc30d60000 	C:\WINDOWS\System32\fwpuclnt.dll
0x00007ffc26df0000 - 0x00007ffc26dfb000 	C:\Program Files\Android\Android Studio\jre\jre\bin\sunmscapi.dll
0x00007ffc36250000 - 0x00007ffc363a6000 	C:\WINDOWS\System32\CRYPT32.dll
0x0000000064150000 - 0x000000006416f000 	C:\Program Files\Common Files\Crypto Pro\AppCompat\cpcrypt.dll
0x00007ffc34260000 - 0x00007ffc34293000 	C:\WINDOWS\SYSTEM32\ntmarta.dll

VM Arguments:
jvm_args: -Xmx2048m -Dfile.encoding=UTF-8 -Duser.country=RU -Duser.language=ru -Duser.variant 
java_command: org.gradle.launcher.daemon.bootstrap.GradleDaemon 6.5
java_class_path (initial): C:\Users\Sergey\.gradle\wrapper\dists\gradle-6.5-bin\6nifqtx7604sqp1q6g8wikw7p\gradle-6.5\lib\gradle-launcher-6.5.jar
Launcher Type: SUN_STANDARD

Environment Variables:
PATH=C:\Program Files\Common Files\Oracle\Java\javapath;C:\WINDOWS\system32;C:\WINDOWS;C:\WINDOWS\System32\Wbem;C:\WINDOWS\System32\WindowsPowerShell\v1.0\;C:\WINDOWS\System32\OpenSSH\;C:\Program Files\Git\cmd;C:\Program Files (x86)\NVIDIA Corporation\PhysX\Common;C:\Program Files\PuTTY\;C:\Users\Sergey\AppData\Local\Microsoft\WindowsApps;C:\Users\Sergey\yandex-cloud\bin;C:\Users\Sergey\flutter\bin;C:\Users\Sergey\platform-tools;C:\Program Files\PostgreSQL\13\bin;C:\Gradle\bin;
USERNAME=Sergey
OS=Windows_NT
PROCESSOR_IDENTIFIER=Intel64 Family 6 Model 63 Stepping 2, GenuineIntel



---------------  S Y S T E M  ---------------

OS: Windows 10.0 , 64 bit Build 19041 (10.0.19041.1706)

CPU:total 12 (initial active 12) (6 cores per cpu, 2 threads per core) family 6 model 63 stepping 2, cmov, cx8, fxsr, mmx, sse, sse2, sse3, ssse3, sse4.1, sse4.2, popcnt, avx, avx2, aes, clmul, erms, lzcnt, ht, tsc, tscinvbit, bmi1, bmi2

Memory: 4k page, physical 16614476k(4277528k free), swap 20808780k(5212k free)

vm_info: OpenJDK 64-Bit Server VM (25.242-b01) for windows-amd64 JRE (1.8.0_242-release-1644-b01), built by "builder" with MS VC++ 10.0 (VS2010)

time: Fri Jun 03 12:08:03 2022
timezone: RTZ 7 (зима)
elapsed time: 151 seconds (0d 0h 2m 31s)

