JvmtiExport can_access_local_variables 0
JvmtiExport can_hotswap_or_post_breakpoint 0
JvmtiExport can_post_on_exceptions 0
# 159 ciObject found
ciMethod java/lang/Object <init> ()V 4097 1 3204691 0 0
ciMethod java/lang/String <init> ([CII)V 2897 1 5687 0 704
ciMethod java/lang/String equals (Ljava/lang/Object;)Z 2169 10841 2528 0 -1
ciMethod java/lang/System arraycopy (Ljava/lang/Object;ILjava/lang/Object;II)V 4097 1 512 0 -1
ciMethod java/lang/Math min (II)I 3065 1 234480 0 -1
ciMethod java/util/Arrays copyOfRange ([CII)[C 3097 1 5573 0 512
ciMethodData java/lang/Object <init> ()V 2 3204714 orig 264 88 29 50 97 0 0 0 0 128 4 207 23 0 0 0 0 32 1 0 0 0 0 0 0 0 0 0 0 0 0 0 0 0 0 0 0 0 0 0 0 0 0 0 0 0 0 0 0 0 0 0 0 0 0 0 0 0 0 0 0 0 0 0 0 0 0 0 0 0 0 0 0 0 0 0 0 0 0 0 0 77 68 79 32 101 120 116 114 97 32 100 97 116 97 32 108 111 99 107 0 0 0 0 0 0 0 0 0 0 0 0 0 0 0 0 0 0 0 0 0 0 0 0 0 0 0 0 0 0 0 0 0 0 0 0 0 0 0 0 0 0 0 0 0 0 0 0 0 0 0 0 0 0 0 0 0 0 0 0 0 0 0 0 0 0 0 0 0 0 0 0 0 0 0 0 0 0 0 0 0 0 0 0 0 1 0 0 0 0 0 0 0 1 0 0 0 0 0 0 0 1 0 0 0 0 0 0 0 0 0 0 0 0 0 0 0 0 2 0 0 81 35 135 1 1 0 0 0 0 0 0 0 0 0 0 0 2 0 0 0 0 0 3 0 1 0 0 0 0 0 0 0 255 255 255 255 0 0 0 0 0 0 0 0 data 0 oops 0
ciMethodData java/util/Arrays copyOfRange ([CII)[C 2 5573 orig 264 88 29 50 97 0 0 0 0 232 191 224 23 0 0 0 0 120 2 0 0 240 0 0 0 0 0 0 0 0 0 0 0 0 0 0 0 0 0 0 0 0 0 0 0 0 0 0 0 0 0 0 0 0 0 0 0 0 0 0 0 0 0 0 0 0 0 0 0 0 0 0 0 0 0 0 0 0 0 0 0 77 68 79 32 101 120 116 114 97 32 100 97 116 97 32 108 111 99 107 0 0 0 0 0 0 0 0 0 0 0 0 0 0 0 0 0 0 0 0 0 0 0 0 0 0 0 0 0 0 0 0 0 0 0 0 0 0 0 0 0 0 0 0 0 0 0 0 0 0 0 0 0 0 0 0 0 0 0 0 0 0 0 0 0 0 0 0 0 0 0 0 0 0 0 0 0 0 0 0 0 0 0 0 0 29 0 0 0 0 0 0 0 0 0 0 0 0 0 0 0 0 0 0 0 0 0 0 0 0 0 0 0 0 0 0 0 131 1 0 0 17 162 0 0 1 0 0 0 0 0 0 0 0 0 0 0 2 0 0 0 0 0 9 0 2 0 0 0 32 1 0 0 255 255 255 255 7 0 5 0 0 0 0 0 data 36 0x50007 0x1442 0x100 0x0 0x100002 0x0 0x140005 0x0 0x0 0x0 0x0 0x0 0x190005 0x0 0x0 0x0 0x0 0x0 0x1d0005 0x0 0x0 0x0 0x0 0x0 0x200005 0x0 0x0 0x0 0x0 0x0 0x230002 0x0 0x360002 0x1442 0x390002 0x1442 oops 0
ciMethodData java/lang/String <init> ([CII)V 2 5687 orig 264 88 29 50 97 0 0 0 0 160 49 207 23 0 0 0 0 80 2 0 0 208 0 0 0 0 0 0 0 0 0 0 0 0 0 0 0 0 0 0 0 0 0 0 0 0 0 0 0 0 0 0 0 0 0 0 0 0 0 0 0 0 0 0 0 0 0 0 0 0 0 0 0 0 0 0 0 0 0 0 0 77 68 79 32 101 120 116 114 97 32 100 97 116 97 32 108 111 99 107 0 0 0 0 0 0 0 0 0 0 0 0 0 0 0 0 0 0 0 0 0 0 0 0 0 0 0 0 0 0 0 0 0 0 0 0 0 0 0 0 0 0 0 0 0 0 0 0 0 0 0 0 0 0 0 0 0 0 0 0 0 0 0 0 0 0 0 0 0 0 0 0 0 0 0 0 0 0 0 0 0 0 0 0 0 25 0 0 0 0 0 0 0 0 0 0 0 0 0 0 0 1 0 0 0 0 0 0 0 0 0 0 0 0 0 0 0 106 1 0 0 105 166 0 0 1 0 0 0 0 0 0 0 0 0 0 0 2 0 0 0 0 0 14 0 2 0 0 0 240 0 0 0 255 255 255 255 2 0 1 0 0 0 0 0 data 30 0x10002 0x14cd 0x50007 0x14cd 0x30 0x0 0xd0002 0x0 0x120007 0x14c3 0x70 0xa 0x160007 0xa 0x30 0x0 0x1e0002 0x0 0x250007 0x0 0x20 0xa 0x370007 0x14c3 0x30 0x0 0x410002 0x0 0x4b0002 0x14c3 oops 0
ciMethod org/objectweb/asm/ClassReader accept (Lorg/objectweb/asm/ClassVisitor;[Lorg/objectweb/asm/Attribute;I)V 2361 32769 4421 0 -1
ciMethod org/objectweb/asm/ClassReader readModuleAttributes (Lorg/objectweb/asm/ClassVisitor;Lorg/objectweb/asm/Context;IILjava/lang/String;)V 1 1 6 0 -1
ciMethod org/objectweb/asm/ClassReader readField (Lorg/objectweb/asm/ClassVisitor;Lorg/objectweb/asm/Context;I)I 4097 1121 9239 0 -1
ciMethod org/objectweb/asm/ClassReader readMethod (Lorg/objectweb/asm/ClassVisitor;Lorg/objectweb/asm/Context;I)I 4105 7577 33717 0 -1
ciMethod org/objectweb/asm/ClassReader readTypeAnnotationTarget (Lorg/objectweb/asm/Context;I)I 0 0 1 0 -1
ciMethod org/objectweb/asm/ClassReader readElementValues (Lorg/objectweb/asm/AnnotationVisitor;IZ[C)I 4097 4745 38117 0 -1
ciMethod org/objectweb/asm/ClassReader getFirstAttributeOffset ()I 1617 32873 4338 0 1152
ciMethod org/objectweb/asm/ClassReader readAttribute ([Lorg/objectweb/asm/Attribute;Ljava/lang/String;II[CI[Lorg/objectweb/asm/Label;)Lorg/objectweb/asm/Attribute; 0 0 1 0 -1
ciMethod org/objectweb/asm/ClassReader readUnsignedShort (I)I 4097 1 1125030 0 160
ciMethod org/objectweb/asm/ClassReader readInt (I)I 4097 1 6325 0 192
ciMethod org/objectweb/asm/ClassReader readUTF8 (I[C)Ljava/lang/String; 4129 1 474489 0 2240
ciMethod org/objectweb/asm/ClassReader readUtf (I[C)Ljava/lang/String; 4129 1 18245 0 -1
ciMethod org/objectweb/asm/ClassReader readUtf (II[C)Ljava/lang/String; 1673 41097 2948 0 1312
ciMethod org/objectweb/asm/ClassReader readStringish (I[C)Ljava/lang/String; 4105 1 87503 0 0
ciMethod org/objectweb/asm/ClassReader readClass (I[C)Ljava/lang/String; 4097 1 87375 0 224
ciMethod org/objectweb/asm/ClassVisitor visit (IILjava/lang/String;Ljava/lang/String;Ljava/lang/String;[Ljava/lang/String;)V 4097 1 4318 0 -1
ciMethod org/objectweb/asm/ClassVisitor visitSource (Ljava/lang/String;Ljava/lang/String;)V 4097 1 4156 0 -1
ciMethod org/objectweb/asm/ClassVisitor visitNestHost (Ljava/lang/String;)V 0 0 1 0 -1
ciMethod org/objectweb/asm/ClassVisitor visitOuterClass (Ljava/lang/String;Ljava/lang/String;Ljava/lang/String;)V 2057 1 257 0 -1
ciMethod org/objectweb/asm/ClassVisitor visitAnnotation (Ljava/lang/String;Z)Lorg/objectweb/asm/AnnotationVisitor; 2169 1 5630 0 -1
ciMethod org/objectweb/asm/ClassVisitor visitTypeAnnotation (ILorg/objectweb/asm/TypePath;Ljava/lang/String;Z)Lorg/objectweb/asm/AnnotationVisitor; 0 0 1 0 -1
ciMethod org/objectweb/asm/ClassVisitor visitAttribute (Lorg/objectweb/asm/Attribute;)V 0 0 1 0 -1
ciMethod org/objectweb/asm/ClassVisitor visitNestMember (Ljava/lang/String;)V 0 0 1 0 -1
ciMethod org/objectweb/asm/ClassVisitor visitInnerClass (Ljava/lang/String;Ljava/lang/String;Ljava/lang/String;I)V 3193 1 4474 0 -1
ciMethod org/objectweb/asm/ClassVisitor visitEnd ()V 4097 1 4320 0 -1
ciMethod org/objectweb/asm/Context <init> ()V 2385 1 4421 0 0
ciMethodData org/objectweb/asm/ClassReader readUnsignedShort (I)I 2 1125085 orig 264 88 29 50 97 0 0 0 0 208 142 208 49 0 0 0 0 40 1 0 0 0 0 0 0 0 0 0 0 0 0 0 0 0 0 0 0 0 0 0 0 0 0 0 0 0 0 0 0 0 0 0 0 0 0 0 0 0 0 0 0 0 0 0 0 0 0 0 0 0 0 0 0 0 0 0 0 0 0 0 0 77 68 79 32 101 120 116 114 97 32 100 97 116 97 32 108 111 99 107 0 0 0 0 0 0 0 0 0 0 0 0 0 0 0 0 0 0 0 0 0 0 0 0 0 0 0 0 0 0 0 0 0 0 0 0 0 0 0 0 0 0 0 0 0 0 0 0 0 0 0 0 0 0 0 0 0 0 0 0 0 0 0 0 0 0 0 0 0 0 0 0 0 0 0 0 0 0 0 0 0 0 0 0 0 1 0 0 0 0 0 0 0 0 0 0 0 0 0 0 0 1 0 0 0 0 0 0 0 0 0 0 0 0 0 0 0 0 2 0 0 233 70 137 0 1 0 0 0 0 0 0 0 0 0 0 0 2 0 0 0 0 0 3 0 1 0 0 0 0 0 0 0 255 255 255 255 0 0 0 0 0 0 0 0 data 0 oops 0
ciMethodData org/objectweb/asm/ClassReader readUtf (II[C)Ljava/lang/String; 2 84947 orig 264 88 29 50 97 0 0 0 0 248 148 208 49 0 0 0 0 248 1 0 0 144 0 0 0 0 0 0 0 0 0 0 0 0 0 0 0 0 0 0 0 0 0 0 0 0 0 0 0 0 0 0 0 0 0 0 0 0 0 0 0 0 0 0 0 0 0 0 0 0 0 0 0 0 0 0 0 0 0 0 0 77 68 79 32 101 120 116 114 97 32 100 97 116 97 32 108 111 99 107 0 0 0 0 0 0 0 0 0 0 0 0 0 0 0 0 0 0 0 0 0 0 0 0 0 0 0 0 0 0 0 0 0 0 0 0 0 0 0 0 0 0 0 0 0 0 0 0 0 0 0 0 0 0 0 0 0 0 0 0 0 0 0 0 0 0 0 0 0 0 0 0 0 0 0 0 0 0 0 0 0 0 0 0 0 0 0 0 0 0 0 0 0 0 0 0 0 0 0 0 0 0 0 0 0 0 0 0 0 0 0 0 0 0 0 0 0 0 20 0 0 153 85 0 0 17 190 9 0 0 0 0 0 0 0 0 0 2 0 0 0 1 0 11 0 2 0 0 0 184 0 0 0 255 255 255 255 7 0 22 0 0 0 0 0 data 23 0x160007 0xaaa 0xa8 0x1375e 0x290007 0x10b 0x38 0x136b9 0x390003 0x136db 0x50 0x450007 0x4 0x38 0x107 0x640003 0x107 0x18 0x920003 0x137ad 0xffffffffffffff70 0x9d0002 0xab0 oops 0
ciMethodData org/objectweb/asm/ClassReader readInt (I)I 2 6325 orig 264 88 29 50 97 0 0 0 0 136 144 208 49 0 0 0 0 40 1 0 0 0 0 0 0 0 0 0 0 0 0 0 0 0 0 0 0 0 0 0 0 0 0 0 0 0 0 0 0 0 0 0 0 0 0 0 0 0 0 0 0 0 0 0 0 0 0 0 0 0 0 0 0 0 0 0 0 0 0 0 0 77 68 79 32 101 120 116 114 97 32 100 97 116 97 32 108 111 99 107 0 0 0 0 0 0 0 0 0 0 0 0 0 0 0 0 0 0 0 0 0 0 0 0 0 0 0 0 0 0 0 0 0 0 0 0 0 0 0 0 0 0 0 0 0 0 0 0 0 0 0 0 0 0 0 0 0 0 0 0 0 0 0 0 0 0 0 0 0 0 0 0 0 0 0 0 0 0 0 0 0 0 0 0 0 1 0 0 0 0 0 0 0 0 0 0 0 0 0 0 0 1 0 0 0 0 0 0 0 0 0 0 0 0 0 0 0 0 2 0 0 169 181 0 0 1 0 0 0 0 0 0 0 0 0 0 0 2 0 0 0 0 0 3 0 1 0 0 0 0 0 0 0 255 255 255 255 0 0 0 0 0 0 0 0 data 0 oops 0
ciMethodData org/objectweb/asm/ClassReader readClass (I[C)Ljava/lang/String; 2 87379 orig 264 88 29 50 97 0 0 0 0 128 150 208 49 0 0 0 0 64 1 0 0 0 0 0 0 0 0 0 0 0 0 0 0 0 0 0 0 0 0 0 0 0 0 0 0 0 0 0 0 0 0 0 0 0 0 0 0 0 0 0 0 0 0 0 0 0 0 0 0 0 0 0 0 0 0 0 0 0 0 0 0 77 68 79 32 101 120 116 114 97 32 100 97 116 97 32 108 111 99 107 0 0 0 0 0 0 0 0 0 0 0 0 0 0 0 0 0 0 0 0 0 0 0 0 0 0 0 0 0 0 0 0 0 0 0 0 0 0 0 0 0 0 0 0 0 0 0 0 0 0 0 0 0 0 0 0 0 0 0 0 0 0 0 0 0 0 0 0 0 0 0 0 0 0 0 0 0 0 0 0 0 0 0 0 0 17 0 0 0 0 0 0 0 0 0 0 0 0 0 0 0 0 0 0 0 0 0 0 0 0 0 0 0 0 0 0 0 0 2 0 0 153 154 10 0 1 0 0 0 0 0 0 0 0 0 0 0 2 0 0 0 0 0 10 0 2 0 0 0 16 0 0 0 255 255 255 255 2 0 3 0 0 0 0 0 data 2 0x30002 0x15357 oops 0
ciMethodData org/objectweb/asm/ClassReader readStringish (I[C)Ljava/lang/String; 2 87517 orig 264 88 29 50 97 0 0 0 0 192 149 208 49 0 0 0 0 184 1 0 0 0 0 0 0 0 0 0 0 0 0 0 0 0 0 0 0 0 0 0 0 0 0 0 0 0 0 0 0 0 0 0 0 0 0 0 0 0 0 0 0 0 0 0 0 0 0 0 0 0 0 0 0 0 0 0 0 0 0 0 0 77 68 79 32 101 120 116 114 97 32 100 97 116 97 32 108 111 99 107 0 0 0 0 0 0 0 0 0 0 0 0 0 0 0 0 0 0 0 0 0 0 0 0 0 0 0 0 0 0 0 0 0 0 0 0 0 0 0 0 0 0 0 0 0 0 0 0 0 0 0 0 0 0 0 0 0 0 0 0 0 0 0 0 0 0 0 0 0 0 0 0 0 0 0 0 0 0 0 0 0 0 0 0 0 0 0 0 0 0 0 0 0 0 0 0 0 0 0 0 0 0 0 0 0 0 0 0 0 0 0 0 0 0 0 0 0 1 2 0 0 225 158 10 0 1 0 0 0 0 0 0 0 0 0 0 0 2 0 0 0 0 0 9 0 2 0 0 0 96 0 0 0 255 255 255 255 5 0 7 0 0 0 0 0 data 12 0x70005 0x0 0x22a737e0 0x153e0 0x0 0x0 0xc0005 0x0 0x22a737e0 0x153e8 0x0 0x0 oops 2 2 org/objectweb/asm/ClassReader 8 org/objectweb/asm/ClassReader
ciMethodData org/objectweb/asm/ClassReader getFirstAttributeOffset ()I 2 119811 orig 264 88 29 50 97 0 0 0 0 96 136 208 49 0 0 0 0 120 3 0 0 48 1 0 0 0 0 0 0 0 0 0 0 0 0 0 0 0 0 0 0 0 0 0 0 0 0 0 0 0 0 0 0 0 0 0 0 0 0 0 0 0 0 0 0 0 0 0 0 0 0 0 0 0 0 0 0 0 0 0 0 77 68 79 32 101 120 116 114 97 32 100 97 116 97 32 108 111 99 107 0 0 0 0 0 0 0 0 0 0 0 0 0 0 0 0 0 0 0 0 0 0 0 0 0 0 0 0 0 0 0 0 0 0 0 0 0 0 0 0 0 0 0 0 0 0 0 0 0 0 0 0 0 0 0 0 0 0 0 0 0 0 0 0 0 0 0 0 0 0 0 0 0 0 0 0 0 0 0 0 0 0 0 0 0 0 0 0 0 0 0 0 0 0 0 0 0 0 0 0 0 0 0 0 0 0 0 0 0 0 0 0 0 0 0 0 0 13 16 0 0 65 129 0 0 177 31 14 0 0 0 0 0 0 0 0 0 2 0 0 0 4 0 15 0 2 0 0 0 48 2 0 0 255 255 255 255 5 0 15 0 0 0 0 0 data 70 0xf0005 0x0 0x22a737e0 0x1028 0x0 0x0 0x180005 0x0 0x22a737e0 0x1028 0x0 0x0 0x230007 0x1027 0xd0 0x2241 0x2b0005 0x0 0x22a737e0 0x2241 0x0 0x0 0x360007 0x2241 0x68 0x114b 0x400005 0x0 0x22a737e0 0x114b 0x0 0x0 0x460003 0x114b 0xffffffffffffffb0 0x490003 0x2241 0xffffffffffffff48 0x4e0005 0x0 0x22a737e0 0x1027 0x0 0x0 0x590007 0x1028 0xd0 0x7bb9 0x610005 0x0 0x22a737e0 0x7bb9 0x0 0x0 0x6e0007 0x7bb9 0x68 0x114b5 0x780005 0x0 0x22a737e0 0x114b5 0x0 0x0 0x7e0003 0x114b7 0xffffffffffffffb0 0x810003 0x7bb9 0xffffffffffffff48 oops 7 2 org/objectweb/asm/ClassReader 8 org/objectweb/asm/ClassReader 18 org/objectweb/asm/ClassReader 28 org/objectweb/asm/ClassReader 40 org/objectweb/asm/ClassReader 50 org/objectweb/asm/ClassReader 60 org/objectweb/asm/ClassReader
ciMethodData org/objectweb/asm/ClassReader accept (Lorg/objectweb/asm/ClassVisitor;[Lorg/objectweb/asm/Attribute;I)V 2 71339 orig 264 88 29 50 97 0 0 0 0 136 61 208 49 0 0 0 0 112 22 0 0 64 20 0 0 0 0 0 0 0 0 0 0 0 0 0 0 0 0 0 0 0 0 0 0 0 0 0 0 0 0 0 0 0 0 0 0 0 0 0 0 0 0 0 0 0 0 0 0 0 0 0 0 0 0 0 0 0 0 0 0 77 68 79 32 101 120 116 114 97 32 100 97 116 97 32 108 111 99 107 0 0 0 0 0 0 0 0 0 0 0 0 0 0 0 0 0 0 0 0 0 0 0 0 0 0 0 0 0 0 0 0 0 0 0 0 0 0 0 0 0 0 0 0 0 0 0 0 0 0 0 0 0 0 0 0 0 0 0 0 0 0 0 0 0 0 0 0 0 0 0 0 0 0 0 0 0 0 0 0 0 0 0 0 0 0 0 0 0 0 0 0 0 0 0 0 0 0 0 0 0 0 0 0 0 0 0 0 0 0 0 0 0 0 0 0 0 0 16 0 0 241 128 0 0 89 53 8 0 0 0 0 0 0 0 0 0 2 0 0 0 11 0 241 0 2 0 0 0 232 20 0 0 255 255 255 255 2 0 4 0 0 0 0 0 data 669 0x40002 0x101e 0x300005 0x0 0x22a737e0 0x101e 0x0 0x0 0x3c0005 0x0 0x22a737e0 0x101e 0x0 0x0 0x480005 0x0 0x22a737e0 0x101e 0x0 0x0 0x530005 0x0 0x22a737e0 0x101e 0x0 0x0 0x660007 0x101e 0x98 0x90c 0x720005 0x0 0x22a737e0 0x90c 0x0 0x0 0x750004 0x0 0x3423230 0x90c 0x0 0x0 0x7c0003 0x90c 0xffffffffffffff80 0xad0005 0x10 0x22a737e0 0x100e 0x0 0x0 0xb70005 0x0 0x22a737e0 0x101e 0x0 0x0 0xbe0007 0x101d 0x848 0x395d 0xc60005 0x0 0x22a737e0 0x395d 0x0 0x0 0xd00005 0x0 0x22a737e0 0x395d 0x0 0x0 0xdc0005 0x42 0x3423230 0x391b 0x0 0x0 0xdf0007 0x29e0 0x68 0xf7c 0xe70005 0x0 0x22a737e0 0xf7c 0x0 0x0 0xec0003 0xf7d 0x730 0xf30005 0x33 0x3423230 0x29ad 0x0 0x0 0xf60007 0x1fe9 0x38 0x9f8 0xfd0003 0x9f8 0x6c8 0x1040005 0x26 0x3423230 0x1fc3 0x0 0x0 0x1070007 0x1b3c 0x38 0x4ac 0x10e0003 0x4ac 0x660 0x1150005 0x1e 0x3423230 0x1b1f 0x0 0x0 0x1180007 0x1b3d 0x68 0x0 0x1200005 0x0 0x0 0x0 0x0 0x0 0x1250003 0x0 0x5c8 0x12c0005 0x1e 0x3423230 0x1b1e 0x0 0x0 0x12f0007 0x1b3c 0x38 0x0 0x1360003 0x0 0x560 0x13d0005 0x1e 0x3423230 0x1b1e 0x0 0x0 0x1400007 0x1464 0x68 0x6d8 0x1480005 0x0 0x22a737e0 0x6d8 0x0 0x0 0x14d0003 0x6d8 0x4c8 0x1540005 0x16 0x3423230 0x144e 0x0 0x0 0x1570007 0x635 0x38 0xe2f 0x15e0003 0xe30 0x460 0x1650005 0x6 0x3423230 0x62f 0x0 0x0 0x1680007 0x635 0x38 0x0 0x16f0003 0x0 0x3f8 0x1760005 0x6 0x3423230 0x62f 0x0 0x0 0x1790007 0x5d2 0x38 0x63 0x1830003 0x63 0x390 0x18a0005 0x6 0x3423230 0x5cc 0x0 0x0 0x18d0007 0x5d2 0x38 0x0 0x1980003 0x0 0x328 0x19f0005 0x6 0x3423230 0x5cc 0x0 0x0 0x1a20007 0x1ee 0x48 0x3e4 0x1ae0002 0x3e4 0x1b30003 0x3e4 0x2b0 0x1ba0005 0x1 0x3423230 0x1ed 0x0 0x0 0x1bd0007 0x17 0x38 0x1d7 0x1c40003 0x1d7 0x248 0x1cb0005 0x0 0x3423230 0x17 0x0 0x0 0x1ce0007 0x17 0x38 0x0 0x1d50003 0x0 0x1e0 0x1dc0005 0x0 0x3423230 0x17 0x0 0x0 0x1df0007 0x11 0x38 0x6 0x1e60003 0x6 0x178 0x1ed0005 0x0 0x3423230 0x11 0x0 0x0 0x1f00007 0x11 0x68 0x0 0x1f80005 0x0 0x0 0x0 0x0 0x0 0x1fd0003 0x0 0xe0 0x2040005 0x0 0x3423230 0x11 0x0 0x0 0x2070007 0x11 0x38 0x0 0x20e0003 0x0 0x78 0x2150005 0x0 0x3423230 0x11 0x0 0x0 0x2180007 0x11 0x30 0x0 0x2270002 0x0 0x2410003 0x395b 0xfffffffffffff7d0 0x24f0005 0x0 0x22a737e0 0x101d 0x0 0x0 0x25c0005 0x0 0x22a75320 0xfb9 0x22a753d0 0x65 0x2620007 0x0 0x90 0x101e 0x2670007 0xf7d 0x40 0xa1 0x26c0007 0xa1 0x50 0x0 0x2740005 0x0 0x22a75320 0xf18 0x22a753d0 0x65 0x2790007 0x1017 0x30 0x6 0x2860002 0x6 0x28b0007 0x101d 0x50 0x0 0x2910005 0x0 0x0 0x0 0x0 0x0 0x2960007 0xb71 0x180 0x4ac 0x29e0005 0x0 0x22a737e0 0x4ac 0x0 0x0 0x2a80005 0x0 0x22a737e0 0x4ac 0x0 0x0 0x2af0007 0x497 0x38 0x15 0x2b30003 0x15 0x48 0x2c00005 0x0 0x22a737e0 0x497 0x0 0x0 0x2c70007 0x497 0x38 0x15 0x2cb0003 0x15 0x48 0x2da0005 0x0 0x22a737e0 0x497 0x0 0x0 0x2e60005 0x0 0x22a75320 0x4ac 0x0 0x0 0x2eb0007 0x1ee 0xf8 0xe2f 0x2f10005 0x0 0x22a737e0 0xe2f 0x0 0x0 0x3010007 0xe30 0xa8 0x12ea 0x3090005 0x0 0x22a737e0 0x12ea 0x0 0x0 0x3160005 0x0 0x22a75320 0x12a3 0x22a753d0 0x47 0x31e0002 0x12ea 0x3230003 0x12ea 0xffffffffffffff70 0x3280007 0xe47 0xf8 0x1d7 0x32e0005 0x0 0x22a737e0 0x1d7 0x0 0x0 0x33e0007 0x1d7 0xa8 0x264 0x3460005 0x0 0x22a737e0 0x264 0x0 0x0 0x3530005 0x0 0x22a75320 0x264 0x0 0x0 0x35b0002 0x264 0x3600003 0x264 0xffffffffffffff70 0x3650007 0x101e 0x108 0x0 0x36b0005 0x0 0x0 0x0 0x0 0x0 0x37b0007 0x0 0xb8 0x0 0x3830002 0x0 0x38d0005 0x0 0x0 0x0 0x0 0x0 0x3a40005 0x0 0x0 0x0 0x0 0x0 0x3ac0002 0x0 0x3b10003 0x0 0xffffffffffffff60 0x3b60007 0x101e 0x108 0x0 0x3bc0005 0x0 0x0 0x0 0x0 0x0 0x3cc0007 0x0 0xb8 0x0 0x3d40002 0x0 0x3de0005 0x0 0x0 0x0 0x0 0x0 0x3f50005 0x0 0x0 0x0 0x0 0x0 0x3fd0002 0x0 0x4020003 0x0 0xffffffffffffff60 0x4070007 0x101e 0x68 0x0 0x41a0005 0x0 0x0 0x0 0x0 0x0 0x4210003 0x0 0xffffffffffffffb0 0x4260007 0x101e 0xe8 0x0 0x42c0005 0x0 0x0 0x0 0x0 0x0 0x43c0007 0x0 0x98 0x0 0x4450005 0x0 0x0 0x0 0x0 0x0 0x4480005 0x0 0x0 0x0 0x0 0x0 0x44e0003 0x0 0xffffffffffffff80 0x4530007 0x626 0x178 0x9f8 0x4590005 0x0 0x22a737e0 0x9f8 0x0 0x0 0x4690007 0x9f7 0x128 0x100a 0x4720005 0x0 0x22a737e0 0x100a 0x0 0x0 0x47c0005 0x0 0x22a737e0 0x100a 0x0 0x0 0x4860005 0x0 0x22a737e0 0x100a 0x0 0x0 0x48f0005 0x0 0x22a737e0 0x100a 0x0 0x0 0x4920005 0x0 0x22a75320 0xfad 0x22a753d0 0x5d 0x4980003 0x1009 0xfffffffffffffef0 0x49e0005 0x0 0x22a737e0 0x101d 0x0 0x0 0x4ab0007 0x101e 0x48 0x222c 0x4b40002 0x222c 0x4b90003 0x222c 0xffffffffffffffd0 0x4bf0005 0x0 0x22a737e0 0x101e 0x0 0x0 0x4cc0007 0x101e 0x48 0x7d0d 0x4d50002 0x7d0d 0x4da0003 0x7d0b 0xffffffffffffffd0 0x4de0005 0x0 0x22a75320 0xfb9 0x22a753d0 0x65 oops 57 4 org/objectweb/asm/ClassReader 10 org/objectweb/asm/ClassReader 16 org/objectweb/asm/ClassReader 22 org/objectweb/asm/ClassReader 32 org/objectweb/asm/ClassReader 38 java/lang/String 47 org/objectweb/asm/ClassReader 53 org/objectweb/asm/ClassReader 63 org/objectweb/asm/ClassReader 69 org/objectweb/asm/ClassReader 75 java/lang/String 85 org/objectweb/asm/ClassReader 94 java/lang/String 107 java/lang/String 120 java/lang/String 139 java/lang/String 152 java/lang/String 162 org/objectweb/asm/ClassReader 171 java/lang/String 184 java/lang/String 197 java/lang/String 210 java/lang/String 223 java/lang/String 238 java/lang/String 251 java/lang/String 264 java/lang/String 277 java/lang/String 296 java/lang/String 309 java/lang/String 324 org/objectweb/asm/ClassReader 330 org/objectweb/asm/commons/ClassRemapper 332 org/objectweb/asm/tree/ClassNode 348 org/objectweb/asm/commons/ClassRemapper 350 org/objectweb/asm/tree/ClassNode 374 org/objectweb/asm/ClassReader 380 org/objectweb/asm/ClassReader 393 org/objectweb/asm/ClassReader 406 org/objectweb/asm/ClassReader 412 org/objectweb/asm/commons/ClassRemapper 422 org/objectweb/asm/ClassReader 432 org/objectweb/asm/ClassReader 438 org/objectweb/asm/commons/ClassRemapper 440 org/objectweb/asm/tree/ClassNode 453 org/objectweb/asm/ClassReader 463 org/objectweb/asm/ClassReader 469 org/objectweb/asm/commons/ClassRemapper 592 org/objectweb/asm/ClassReader 602 org/objectweb/asm/ClassReader 608 org/objectweb/asm/ClassReader 614 org/objectweb/asm/ClassReader 620 org/objectweb/asm/ClassReader 626 org/objectweb/asm/commons/ClassRemapper 628 org/objectweb/asm/tree/ClassNode 635 org/objectweb/asm/ClassReader 650 org/objectweb/asm/ClassReader 665 org/objectweb/asm/commons/ClassRemapper 667 org/objectweb/asm/tree/ClassNode
ciMethodData org/objectweb/asm/Context <init> ()V 2 4423 orig 264 88 29 50 97 0 0 0 0 56 51 212 49 0 0 0 0 48 1 0 0 0 0 0 0 0 0 0 0 0 0 0 0 0 0 0 0 0 0 0 0 0 0 0 0 0 0 0 0 0 0 0 0 0 0 0 0 0 0 0 0 0 0 0 0 0 0 0 0 0 0 0 0 0 0 0 0 0 0 0 0 77 68 79 32 101 120 116 114 97 32 100 97 116 97 32 108 111 99 107 0 0 0 0 0 0 0 0 0 0 0 0 0 0 0 0 0 0 0 0 0 0 0 0 0 0 0 0 0 0 0 0 0 0 0 0 0 0 0 0 0 0 0 0 0 0 0 0 0 0 0 0 0 0 0 0 0 0 0 0 0 0 0 0 0 0 0 0 0 0 0 0 0 0 0 0 0 0 0 0 0 0 0 0 0 0 0 0 0 0 0 0 0 0 0 0 0 0 0 0 0 0 0 0 0 0 0 0 0 0 0 0 0 0 0 0 0 42 1 0 0 233 128 0 0 1 0 0 0 0 0 0 0 0 0 0 0 2 0 0 0 0 0 0 0 0 0 0 0 16 0 0 0 255 255 255 255 2 0 1 0 0 0 0 0 data 2 0x10002 0x101d oops 0
instanceKlass org/objectweb/asm/Edge
instanceKlass org/objectweb/asm/tree/LocalVariableNode
instanceKlass org/objectweb/asm/tree/InsnList
instanceKlass org/objectweb/asm/tree/InnerClassNode
instanceKlass org/objectweb/asm/tree/Util
instanceKlass java/util/zip/ZipOutputStream$XEntry
instanceKlass org/objectweb/asm/tree/AbstractInsnNode
instanceKlass com/android/builder/testing/MockableJarGenerator
instanceKlass org/gradle/api/internal/changedetection/state/ZipHasher$1
instanceKlass org/gradle/internal/snapshot/SnapshotHierarchy$DiffCapturingUpdateFunctionDecorator$$Lambda$943
instanceKlass com/android/build/gradle/internal/dependency/MockableJarTransform$Parameters$Inject
instanceKlass com/android/build/gradle/internal/TaskManager$$Lambda$942
instanceKlass org/gradle/api/internal/artifacts/ivyservice/ivyresolve/DefaultMetadataProvider$$Lambda$941
instanceKlass org/gradle/api/artifacts/ComponentMetadataBuilder
instanceKlass org/gradle/api/internal/artifacts/ivyservice/ivyresolve/DefaultMetadataProvider$BuildableComponentMetadataSupplierDetails
instanceKlass org/gradle/api/artifacts/ComponentMetadataSupplierDetails
instanceKlass org/gradle/api/internal/artifacts/ivyservice/ivyresolve/DefaultMetadataProvider
instanceKlass org/gradle/api/internal/artifacts/ivyservice/ivyresolve/DynamicVersionResolver$CandidateResult
instanceKlass org/gradle/api/internal/artifacts/ivyservice/ivyresolve/ModuleComponentResolveState
instanceKlass org/gradle/api/internal/artifacts/ivyservice/ivyresolve/DynamicVersionResolver$1
instanceKlass org/gradle/api/internal/artifacts/ivyservice/ivyresolve/CachingModuleComponentRepository$LocateInCacheRepositoryAccess$$Lambda$940
instanceKlass org/gradle/api/internal/artifacts/ivyservice/modulecache/dynamicversions/DefaultCachedModuleVersionList
instanceKlass org/gradle/api/internal/artifacts/ivyservice/modulecache/dynamicversions/ModuleVersionsCacheEntry
instanceKlass org/gradle/api/internal/artifacts/ivyservice/modulecache/dynamicversions/ModuleAtRepositoryKey
instanceKlass org/gradle/api/internal/artifacts/ivyservice/ivyresolve/ErrorHandlingModuleComponentRepository$ErrorHandlingModuleComponentRepositoryAccess$$Lambda$939
instanceKlass org/gradle/api/internal/artifacts/ivyservice/ivyresolve/ErrorHandlingModuleComponentRepository$ErrorHandlingModuleComponentRepositoryAccess$$Lambda$938
instanceKlass org/gradle/api/internal/artifacts/ivyservice/ivyresolve/ErrorHandlingModuleComponentRepository$ErrorHandlingModuleComponentRepositoryAccess$$Lambda$937
instanceKlass org/gradle/internal/resolve/result/BuildableModuleVersionListingResolveResult
instanceKlass org/gradle/api/internal/artifacts/ivyservice/ivyresolve/DynamicVersionResolver$VersionListResult
instanceKlass org/gradle/api/internal/artifacts/ivyservice/ivyresolve/DynamicVersionResolver$AttemptCollector
instanceKlass org/gradle/api/internal/artifacts/ivyservice/ivyresolve/DynamicVersionResolver$RepositoryResolveState
instanceKlass org/gradle/internal/resolve/result/ComponentSelectionContext
instanceKlass org/gradle/internal/component/external/model/ModuleDependencyMetadataWrapper
instanceKlass com/android/build/gradle/internal/ide/TestOptionsImpl
instanceKlass java/util/function/Predicate$$Lambda$936
instanceKlass com/android/build/gradle/internal/ide/ModelBuilder$$Lambda$935
instanceKlass com/android/build/gradle/internal/ide/DependenciesImpl$ProjectIdentifierImpl
instanceKlass org/gradle/api/internal/artifacts/ivyservice/projectmodule/ProjectDependencyResolver$$Lambda$934
instanceKlass org/gradle/api/internal/artifacts/ivyservice/projectmodule/DefaultProjectLocalComponentProvider$1
instanceKlass com/android/build/gradle/internal/ide/ModelBuilder$1
instanceKlass com/android/build/gradle/internal/ide/ModelBuilder$$Lambda$933
instanceKlass com/android/builder/model/JavaArtifact
instanceKlass com/google/common/collect/AbstractMapBasedMultimap$WrappedCollection$WrappedIterator
instanceKlass com/android/manifmerger/PlaceholderHandler
instanceKlass sun/net/DefaultProgressMeteringPolicy
instanceKlass sun/net/ProgressMeteringPolicy
instanceKlass sun/net/ProgressMonitor
instanceKlass com/android/build/gradle/internal/ide/ModelBuilder$$Lambda$932
instanceKlass com/android/builder/core/DefaultManifestParser
instanceKlass org/gradle/api/internal/tasks/properties/AbstractPropertySpec
instanceKlass org/gradle/api/internal/tasks/properties/CacheableOutputFilePropertySpec
instanceKlass org/gradle/api/internal/tasks/properties/GetOutputFilesVisitor$$Lambda$931
instanceKlass org/gradle/api/internal/tasks/properties/OutputFilePropertySpec
instanceKlass org/gradle/api/internal/tasks/properties/FilePropertySpec
instanceKlass org/gradle/api/internal/tasks/properties/PropertySpec
instanceKlass org/gradle/internal/reflect/annotations/impl/DefaultTypeAnnotationMetadataStore$$Lambda$930
instanceKlass com/android/build/gradle/internal/ide/BaseArtifactImpl
instanceKlass com/android/utils/Pair
instanceKlass com/android/build/gradle/internal/ide/level2/EmptyDependencyGraphs
instanceKlass com/google/common/collect/AbstractMapBasedMultimap$Itr
instanceKlass com/google/common/collect/SetMultimap
instanceKlass com/android/build/gradle/internal/ide/DependenciesImpl$$Lambda$929
instanceKlass com/android/builder/model/Dependencies$ProjectIdentifier
instanceKlass com/android/build/gradle/internal/ide/DependenciesImpl
instanceKlass org/jdom2/ContentList$CLIterator
instanceKlass org/jdom2/ContentList$FilterListIterator
instanceKlass org/jdom2/filter/AbstractFilter
instanceKlass org/jdom2/internal/ArrayCopy
instanceKlass org/jdom2/AttributeList$1
instanceKlass org/jdom2/filter/Filter
instanceKlass org/jdom2/Verifier
instanceKlass org/jdom2/Namespace
instanceKlass org/jdom2/input/sax/SAXBuilderEngine
instanceKlass org/jdom2/input/sax/BuilderErrorHandler
instanceKlass org/jdom2/util/IteratorIterable
instanceKlass org/jdom2/input/sax/TextBuffer
instanceKlass org/jdom2/CloneBase
instanceKlass org/jdom2/Parent
instanceKlass org/jdom2/NamespaceAware
instanceKlass org/jdom2/input/sax/XMLReaders$FactorySupplier
instanceKlass org/jdom2/DefaultJDOMFactory
instanceKlass org/xml/sax/ext/DeclHandler
instanceKlass org/xml/sax/ext/LexicalHandler
instanceKlass org/jdom2/input/sax/DefaultSAXHandlerFactory
instanceKlass org/jdom2/JDOMFactory
instanceKlass org/jdom2/input/sax/SAXHandlerFactory
instanceKlass com/android/tools/build/jetifier/processor/transform/bytecode/CoreRemapperImpl$Companion
instanceKlass org/jdom2/input/sax/XMLReaderJDOMFactory
instanceKlass com/android/tools/build/jetifier/processor/transform/bytecode/CoreRemapperImpl
instanceKlass com/android/tools/build/jetifier/processor/transform/bytecode/CoreRemapper
instanceKlass org/jdom2/input/SAXBuilder
instanceKlass org/jdom2/input/sax/SAXEngine
instanceKlass com/android/tools/build/jetifier/processor/transform/pom/XmlUtils$Companion
instanceKlass com/android/tools/build/jetifier/processor/transform/pom/XmlUtils
instanceKlass com/android/tools/build/jetifier/processor/transform/pom/PomDocument$Companion
instanceKlass com/android/tools/build/jetifier/processor/transform/pom/PomDocument
instanceKlass com/android/tools/build/jetifier/processor/transform/pom/PomScanner$PomScannerSession
instanceKlass com/android/build/gradle/internal/dependency/AarTransform$$Lambda$926
instanceKlass com/android/build/gradle/internal/dependency/AarTransform$$Lambda$928
instanceKlass com/android/build/gradle/internal/dependency/AarTransform$$Lambda$927
instanceKlass com/android/build/gradle/internal/dependency/AarTransformUtil$$Lambda$925
instanceKlass com/android/build/gradle/internal/dependency/AarTransformUtil
instanceKlass com/android/build/gradle/internal/ide/dependencies/ArtifactDependencyGraph$$Lambda$924
instanceKlass com/android/builder/model/JavaLibrary
instanceKlass com/google/common/base/ExtraObjectsMethodsForWeb
instanceKlass com/android/builder/dependency/HashCodeUtils
instanceKlass com/android/builder/dependency/MavenCoordinatesImpl$Companion
instanceKlass com/android/ide/common/caching/CreatingCache$1
instanceKlass com/android/ide/common/caching/CreatingCache$ValueState
instanceKlass com/android/build/gradle/internal/ide/LibraryImpl
instanceKlass com/android/builder/model/AndroidLibrary
instanceKlass com/android/builder/model/AndroidBundle
instanceKlass com/android/builder/model/Library
instanceKlass com/android/build/gradle/internal/ide/dependencies/LibraryDependencyCacheBuildService$localJarCache$1
instanceKlass com/android/build/gradle/internal/ide/dependencies/LibraryDependencyCacheBuildService$libraryCache$1
instanceKlass com/android/builder/model/level2/Library
instanceKlass com/android/build/gradle/internal/ide/dependencies/LibraryUtils
instanceKlass com/android/build/gradle/internal/ide/dependencies/MavenCoordinatesCacheBuildService$cache$1
instanceKlass com/android/ide/common/caching/CreatingCache$ValueFactory
instanceKlass com/android/builder/dependency/MavenCoordinatesImpl
instanceKlass com/android/builder/model/MavenCoordinates
instanceKlass com/android/build/gradle/internal/ide/dependencies/ResolvedArtifact
instanceKlass com/android/ide/common/caching/CreatingCache
instanceKlass com/android/build/gradle/internal/ide/dependencies/MavenCoordinatesCacheBuildService$Parameters$Inject
instanceKlass org/gradle/api/internal/artifacts/transform/TransformingArtifactVisitor$$Lambda$923
instanceKlass org/gradle/api/internal/artifacts/transform/TransformingArtifactVisitor$$Lambda$922
instanceKlass org/gradle/api/internal/artifacts/transform/TransformingArtifactVisitor
instanceKlass sun/nio/cs/UTF_8$1
instanceKlass com/android/build/gradle/internal/dependency/AarTransform$1
instanceKlass com/android/tools/build/jetifier/processor/TransformationResult
instanceKlass com/android/tools/build/jetifier/processor/transform/pom/PomScanner$Companion
instanceKlass com/android/tools/build/jetifier/processor/transform/pom/PomScanner
instanceKlass org/objectweb/asm/Handler
instanceKlass org/objectweb/asm/Opcodes
instanceKlass com/google/common/io/ByteArrayDataInput
instanceKlass com/google/common/io/ByteArrayDataOutput
instanceKlass com/google/common/io/ByteStreams
instanceKlass org/objectweb/asm/Label
instanceKlass com/google/common/io/Closer$SuppressingSuppressor
instanceKlass com/google/common/io/Closer$Suppressor
instanceKlass com/google/common/io/Closer
instanceKlass com/google/common/io/CharSink
instanceKlass org/objectweb/asm/Frame
instanceKlass com/android/builder/utils/ZipEntryUtils
instanceKlass com/android/builder/aar/AarExtractor
instanceKlass org/gradle/api/internal/artifacts/transform/DefaultTransformOutputs$$Lambda$921
instanceKlass org/objectweb/asm/ConstantDynamic
instanceKlass org/gradle/api/internal/artifacts/transform/DefaultTransformOutputs$$Lambda$919
instanceKlass org/gradle/api/internal/artifacts/transform/DefaultTransformOutputs$$Lambda$920
instanceKlass org/objectweb/asm/Handle
instanceKlass org/objectweb/asm/signature/SignatureReader
instanceKlass javax/management/MBeanServerInvocationHandler
instanceKlass com/android/ide/common/workers/GradlePluginMBeans
instanceKlass com/android/build/gradle/internal/tasks/BlocksUtilsKt
instanceKlass org/objectweb/asm/Type
instanceKlass com/android/tools/build/gradle/internal/profile/GradleTransformExecutionType$1
instanceKlass org/objectweb/asm/Context
instanceKlass org/objectweb/asm/Attribute
instanceKlass org/objectweb/asm/signature/SignatureVisitor
instanceKlass org/objectweb/asm/commons/Remapper
instanceKlass org/objectweb/asm/ByteVector
instanceKlass org/objectweb/asm/Symbol
instanceKlass org/objectweb/asm/SymbolTable
instanceKlass org/gradle/api/internal/changedetection/state/ZipHasher$ZipEntryRelativePath
instanceKlass org/objectweb/asm/MethodVisitor
instanceKlass org/gradle/api/internal/file/archive/StreamZipInput$1$1
instanceKlass org/gradle/api/internal/file/archive/JdkZipEntry
instanceKlass org/gradle/api/internal/file/archive/ZipEntry
instanceKlass org/objectweb/asm/AnnotationVisitor
instanceKlass org/apache/commons/compress/utils/Lists
instanceKlass org/gradle/api/internal/file/archive/StreamZipInput
instanceKlass org/objectweb/asm/FieldVisitor
instanceKlass org/gradle/api/internal/file/archive/FileZipInput
instanceKlass org/objectweb/asm/ModuleVisitor
instanceKlass org/objectweb/asm/ClassVisitor
instanceKlass org/gradle/internal/execution/steps/SkipUpToDateStep$2
instanceKlass org/gradle/api/internal/artifacts/transform/CacheableInvocation$$Lambda$918
instanceKlass org/gradle/internal/execution/history/impl/DefaultOutputFilesRepository$1
instanceKlass org/objectweb/asm/ClassReader
instanceKlass com/google/common/collect/Maps$9
instanceKlass org/gradle/internal/execution/history/impl/DefaultExecutionHistoryStore$$Lambda$917
instanceKlass org/gradle/internal/execution/history/impl/DefaultExecutionHistoryStore$$Lambda$913
instanceKlass org/gradle/internal/execution/history/impl/DefaultExecutionHistoryStore$$Lambda$916
instanceKlass org/gradle/internal/execution/history/impl/DefaultExecutionHistoryStore$$Lambda$915
instanceKlass org/gradle/internal/execution/history/impl/DefaultExecutionHistoryStore$$Lambda$914
instanceKlass org/gradle/internal/execution/steps/StoreExecutionStateStep$$Lambda$912
instanceKlass org/gradle/internal/execution/steps/StoreExecutionStateStep$$Lambda$911
instanceKlass org/gradle/internal/execution/steps/StoreExecutionStateStep$$Lambda$910
instanceKlass org/gradle/internal/execution/steps/StoreExecutionStateStep$$Lambda$909
instanceKlass org/gradle/internal/execution/steps/StoreExecutionStateStep$$Lambda$907
instanceKlass org/gradle/internal/execution/steps/StoreExecutionStateStep$$Lambda$908
instanceKlass org/gradle/internal/execution/steps/StoreExecutionStateStep$$Lambda$906
instanceKlass org/gradle/internal/execution/steps/SnapshotOutputsStep$1
instanceKlass org/gradle/internal/execution/steps/SnapshotOutputsStep$$Lambda$903
instanceKlass org/gradle/internal/execution/steps/SnapshotOutputsStep$Operation$Result$1
instanceKlass org/gradle/internal/execution/steps/SnapshotOutputsStep$$Lambda$904
instanceKlass org/gradle/internal/execution/steps/SnapshotOutputsStep$$Lambda$895
instanceKlass org/gradle/internal/execution/steps/SnapshotOutputsStep$Operation$Result
instanceKlass com/android/tools/build/jetifier/processor/AndroidXRefScanner
instanceKlass org/gradle/api/internal/artifacts/transform/DefaultTransformerInvocationFactory$TransformerExecution$$Lambda$905
instanceKlass org/gradle/internal/execution/steps/SnapshotOutputsStep$$Lambda$901
instanceKlass org/gradle/internal/execution/steps/SnapshotOutputsStep$$Lambda$902
instanceKlass org/gradle/internal/execution/steps/SnapshotOutputsStep$$Lambda$899
instanceKlass org/gradle/internal/execution/steps/SnapshotOutputsStep$$Lambda$893
instanceKlass org/gradle/internal/execution/steps/SnapshotOutputsStep$$Lambda$900
instanceKlass org/gradle/internal/execution/steps/SnapshotOutputsStep$$Lambda$894
instanceKlass org/gradle/internal/execution/steps/SnapshotOutputsStep$$Lambda$898
instanceKlass org/gradle/internal/execution/steps/SnapshotOutputsStep$$Lambda$897
instanceKlass org/gradle/internal/execution/steps/SnapshotOutputsStep$$Lambda$896
instanceKlass org/gradle/internal/execution/steps/SnapshotOutputsStep$Operation$Details$1
instanceKlass org/gradle/internal/execution/steps/SnapshotOutputsStep$Operation$Details
instanceKlass kotlin/io/ByteStreamsKt
instanceKlass org/gradle/internal/execution/steps/SnapshotOutputsStep$$Lambda$891
instanceKlass org/gradle/internal/execution/steps/SnapshotOutputsStep$$Lambda$892
instanceKlass org/gradle/internal/execution/steps/SnapshotOutputsStep$$Lambda$890
instanceKlass org/gradle/internal/execution/steps/SnapshotOutputsStep$$Lambda$889
instanceKlass org/gradle/internal/execution/steps/SnapshotOutputsStep$$Lambda$888
instanceKlass org/gradle/internal/execution/steps/SnapshotOutputsStep$$Lambda$887
instanceKlass org/gradle/internal/execution/steps/ExecuteStep$$Lambda$886
instanceKlass org/gradle/internal/execution/steps/ExecuteStep$$Lambda$885
instanceKlass org/gradle/internal/execution/steps/ExecuteStep$$Lambda$883
instanceKlass org/gradle/internal/execution/steps/ExecuteStep$$Lambda$882
instanceKlass org/gradle/internal/execution/steps/ExecuteStep$$Lambda$884
instanceKlass com/android/tools/build/jetifier/processor/archive/Archive$Companion
instanceKlass org/gradle/internal/execution/steps/ExecuteStep$1
instanceKlass com/android/tools/build/jetifier/processor/archive/Archive
instanceKlass java/util/stream/StreamSpliterators$WrappingSpliterator$$Lambda$881
instanceKlass java/util/stream/StreamSpliterators$WrappingSpliterator$$Lambda$878
instanceKlass java/util/stream/StreamSpliterators$WrappingSpliterator$$Lambda$876
instanceKlass java/util/stream/StreamSpliterators$WrappingSpliterator$$Lambda$880
instanceKlass java/util/stream/StreamSpliterators$WrappingSpliterator$$Lambda$877
instanceKlass java/util/stream/StreamSpliterators$WrappingSpliterator$$Lambda$879
instanceKlass java/util/stream/StreamSpliterators$WrappingSpliterator$$Lambda$874
instanceKlass java/util/stream/StreamSpliterators$WrappingSpliterator$$Lambda$875
instanceKlass java/util/stream/StreamSpliterators$WrappingSpliterator$$Lambda$872
instanceKlass java/util/stream/StreamSpliterators$WrappingSpliterator$$Lambda$871
instanceKlass java/util/stream/StreamSpliterators$WrappingSpliterator$$Lambda$870
instanceKlass java/util/stream/StreamSpliterators$WrappingSpliterator$$Lambda$873
instanceKlass com/android/tools/build/jetifier/processor/archive/Archive$Builder
instanceKlass java/util/stream/AbstractSpinedBuffer
instanceKlass java/util/Spliterators$1Adapter
instanceKlass java/util/stream/StreamSpliterators$AbstractWrappingSpliterator
instanceKlass java/util/stream/AbstractPipeline$$Lambda$869
instanceKlass com/android/tools/build/jetifier/processor/archive/ArchiveItem$DefaultImpls
instanceKlass java/util/stream/AbstractPipeline$$Lambda$868
instanceKlass com/android/tools/build/jetifier/processor/archive/ArchiveFile
instanceKlass com/android/tools/build/jetifier/processor/archive/ArchiveItem
instanceKlass org/gradle/api/internal/artifacts/transform/DefaultTransformerInvocationFactory$TransformerExecution$$Lambda$863
instanceKlass org/gradle/api/internal/artifacts/transform/DefaultTransformerInvocationFactory$TransformerExecution$$Lambda$866
instanceKlass org/gradle/api/internal/artifacts/transform/DefaultTransformerInvocationFactory$TransformerExecution$$Lambda$865
instanceKlass org/gradle/api/internal/artifacts/transform/DefaultTransformerInvocationFactory$TransformerExecution$$Lambda$867
instanceKlass org/gradle/api/internal/artifacts/transform/DefaultTransformerInvocationFactory$TransformerExecution$$Lambda$864
instanceKlass org/gradle/api/internal/artifacts/transform/DefaultTransformerInvocationFactory$TransformerExecution$$Lambda$862
instanceKlass org/gradle/api/internal/artifacts/transform/DefaultTransformerInvocationFactory$TransformerExecution$$Lambda$854
instanceKlass org/gradle/api/internal/artifacts/transform/DefaultTransformerInvocationFactory$TransformerExecution$$Lambda$861
instanceKlass com/android/tools/build/jetifier/processor/FileMapping
instanceKlass org/gradle/api/internal/artifacts/transform/DefaultTransformerInvocationFactory$TransformerExecution$$Lambda$859
instanceKlass org/gradle/api/internal/artifacts/transform/DefaultTransformerInvocationFactory$TransformerExecution$$Lambda$860
instanceKlass org/gradle/api/internal/artifacts/transform/DefaultTransformerInvocationFactory$TransformerExecution$$Lambda$855
instanceKlass org/gradle/api/internal/artifacts/transform/DefaultTransformerInvocationFactory$TransformerExecution$$Lambda$858
instanceKlass org/gradle/api/internal/artifacts/transform/DefaultTransformerInvocationFactory$TransformerExecution$$Lambda$857
instanceKlass org/gradle/api/internal/artifacts/transform/DefaultTransformerInvocationFactory$TransformerExecution$$Lambda$856
instanceKlass org/gradle/api/internal/artifacts/transform/DefaultTransformerInvocationFactory$TransformerExecution$$Lambda$853
instanceKlass org/gradle/api/internal/artifacts/transform/DefaultTransformOutputs$$Lambda$852
instanceKlass org/gradle/api/internal/artifacts/transform/DefaultTransformOutputs$$Lambda$851
instanceKlass com/android/build/gradle/internal/dependency/AarTransform$Parameters$Inject
instanceKlass org/gradle/internal/snapshot/CompleteDirectorySnapshot$$Lambda$850
instanceKlass org/gradle/internal/snapshot/CompleteDirectorySnapshot$$Lambda$849
instanceKlass org/gradle/api/internal/artifacts/transform/DefaultTransformOutputs
instanceKlass com/android/build/gradle/internal/dependency/GenericTransformParameters$Inject
instanceKlass org/gradle/api/internal/artifacts/transform/TransformOutputsInternal
instanceKlass org/gradle/api/internal/artifacts/transform/DefaultTransformer$TransformServiceLookup$$Lambda$846
instanceKlass org/gradle/api/internal/artifacts/transform/DefaultTransformer$TransformServiceLookup$$Lambda$847
instanceKlass org/gradle/api/internal/artifacts/transform/TransformationStep$$Lambda$848
instanceKlass org/gradle/api/internal/artifacts/transform/DefaultTransformer$TransformServiceLookup$$Lambda$845
instanceKlass org/gradle/api/internal/artifacts/transform/DefaultTransformer$TransformServiceLookup$$Lambda$844
instanceKlass org/gradle/api/internal/artifacts/transform/DefaultTransformer$TransformServiceLookup$$Lambda$843
instanceKlass org/gradle/api/internal/artifacts/transform/DefaultTransformer$TransformServiceLookup$$Lambda$842
instanceKlass org/gradle/api/internal/artifacts/transform/CacheableInvocation$$Lambda$841
instanceKlass org/gradle/api/internal/artifacts/transform/DefaultTransformer$TransformServiceLookup$$Lambda$840
instanceKlass org/gradle/api/internal/artifacts/transform/DefaultTransformer$TransformServiceLookup$InjectionPoint
instanceKlass org/gradle/api/internal/artifacts/transform/DefaultTransformerInvocationFactory$2$$Lambda$838
instanceKlass org/gradle/api/internal/artifacts/transform/DefaultTransformer$TransformServiceLookup$$Lambda$839
instanceKlass org/gradle/api/internal/artifacts/transform/DefaultTransformer$TransformServiceLookup$$Lambda$837
instanceKlass org/gradle/api/internal/artifacts/transform/DefaultTransformer$TransformServiceLookup$$Lambda$835
instanceKlass org/gradle/api/internal/artifacts/transform/DefaultTransformer$TransformServiceLookup$$Lambda$836
instanceKlass org/gradle/internal/Try$Success$1
instanceKlass org/gradle/api/internal/artifacts/transform/DefaultTransformerInvocationFactory$2$$Lambda$834
instanceKlass org/gradle/api/internal/artifacts/transform/DefaultTransformer$TransformServiceLookup
instanceKlass org/gradle/internal/execution/steps/ExecuteStep$$Lambda$833
instanceKlass org/gradle/internal/execution/steps/ExecuteStep$$Lambda$831
instanceKlass org/gradle/internal/isolated/IsolationScheme$$Lambda$827
instanceKlass org/gradle/internal/isolated/IsolationScheme$$Lambda$832
instanceKlass org/gradle/internal/execution/steps/ResolveCachingStateStep$2
instanceKlass org/gradle/internal/isolated/IsolationScheme$$Lambda$830
instanceKlass org/gradle/internal/execution/steps/ExecuteStep$$Lambda$820
instanceKlass org/gradle/internal/isolated/IsolationScheme$$Lambda$829
instanceKlass org/gradle/internal/execution/steps/ExecuteStep$$Lambda$826
instanceKlass org/gradle/internal/isolated/IsolationScheme$$Lambda$828
instanceKlass org/gradle/internal/isolated/IsolationScheme$$Lambda$825
instanceKlass org/gradle/internal/execution/steps/ExecuteStep$$Lambda$824
instanceKlass org/gradle/internal/execution/steps/ExecuteStep$$Lambda$819
instanceKlass org/gradle/internal/execution/steps/SkipUpToDateStep$$Lambda$823
instanceKlass org/gradle/internal/execution/steps/ExecuteStep$$Lambda$822
instanceKlass org/gradle/internal/execution/steps/ExecuteStep$$Lambda$817
instanceKlass org/gradle/internal/execution/steps/ExecuteStep$$Lambda$821
instanceKlass org/gradle/internal/execution/steps/ExecuteStep$$Lambda$818
instanceKlass org/gradle/internal/execution/steps/ExecuteStep$$Lambda$814
instanceKlass org/gradle/internal/execution/steps/ExecuteStep$$Lambda$811
instanceKlass org/gradle/internal/execution/steps/ExecuteStep$$Lambda$815
instanceKlass org/gradle/internal/execution/steps/ExecuteStep$$Lambda$816
instanceKlass org/gradle/internal/execution/steps/ExecuteStep$$Lambda$808
instanceKlass org/gradle/internal/execution/steps/SkipUpToDateStep$1
instanceKlass org/gradle/internal/execution/steps/ExecuteStep$$Lambda$813
instanceKlass org/gradle/internal/execution/steps/ExecuteStep$$Lambda$812
instanceKlass org/gradle/internal/execution/steps/ExecuteStep$$Lambda$809
instanceKlass org/gradle/internal/execution/steps/ExecuteStep$$Lambda$810
instanceKlass org/gradle/internal/execution/history/changes/DefaultExecutionStateChangeDetector$AbstractDetectedExecutionStateChanges
instanceKlass org/gradle/internal/execution/history/changes/CachingChangeContainer$CachingVisitor
instanceKlass org/gradle/internal/execution/history/changes/DefaultExecutionStateChangeDetector$InputFileChangesWrapper
instanceKlass org/gradle/internal/execution/history/changes/CachingChangeContainer
instanceKlass org/gradle/internal/execution/history/changes/InputFileChanges$1
instanceKlass org/gradle/internal/execution/steps/CleanupOutputsStep$1
instanceKlass org/gradle/internal/execution/steps/CleanupOutputsStep$$Lambda$807
instanceKlass org/gradle/internal/execution/steps/CleanupOutputsStep$$Lambda$806
instanceKlass org/gradle/internal/execution/steps/CleanupOutputsStep$$Lambda$802
instanceKlass org/gradle/internal/execution/steps/CleanupOutputsStep$$Lambda$805
instanceKlass org/gradle/internal/execution/steps/CleanupOutputsStep$$Lambda$803
instanceKlass org/gradle/internal/execution/steps/CleanupOutputsStep$$Lambda$804
instanceKlass org/gradle/internal/execution/history/changes/AbstractFingerprintChanges$1
instanceKlass org/gradle/internal/execution/steps/CleanupOutputsStep$$Lambda$801
instanceKlass org/gradle/internal/execution/steps/CleanupOutputsStep$$Lambda$800
instanceKlass org/gradle/internal/execution/steps/CleanupOutputsStep$$Lambda$799
instanceKlass org/gradle/internal/execution/steps/CleanupOutputsStep$$Lambda$791
instanceKlass org/gradle/internal/execution/steps/CleanupOutputsStep$$Lambda$797
instanceKlass org/gradle/internal/execution/steps/CleanupOutputsStep$$Lambda$793
instanceKlass org/gradle/internal/execution/steps/CleanupOutputsStep$$Lambda$796
instanceKlass org/gradle/internal/execution/steps/CleanupOutputsStep$$Lambda$798
instanceKlass org/gradle/internal/execution/steps/CleanupOutputsStep$$Lambda$795
instanceKlass org/gradle/internal/execution/steps/CleanupOutputsStep$$Lambda$794
instanceKlass org/gradle/internal/execution/steps/CleanupOutputsStep$$Lambda$792
instanceKlass org/gradle/internal/execution/history/changes/SortedMapDiffUtil
instanceKlass org/gradle/internal/execution/steps/ResolveInputChangesStep$1$$Lambda$787
instanceKlass org/gradle/internal/execution/steps/ResolveInputChangesStep$1$$Lambda$785
instanceKlass org/gradle/internal/execution/steps/ResolveInputChangesStep$1$$Lambda$790
instanceKlass org/gradle/internal/execution/steps/ResolveInputChangesStep$1$$Lambda$789
instanceKlass org/gradle/internal/execution/steps/ResolveInputChangesStep$1$$Lambda$788
instanceKlass org/gradle/internal/execution/steps/ResolveInputChangesStep$1$$Lambda$783
instanceKlass org/gradle/internal/execution/steps/ResolveInputChangesStep$1$$Lambda$782
instanceKlass org/gradle/internal/execution/steps/ResolveInputChangesStep$1$$Lambda$784
instanceKlass org/gradle/internal/execution/steps/ResolveInputChangesStep$1$$Lambda$786
instanceKlass org/gradle/internal/execution/steps/ResolveInputChangesStep$1$$Lambda$781
instanceKlass org/gradle/internal/execution/history/changes/PropertyChanges$1
instanceKlass org/gradle/internal/execution/steps/ResolveInputChangesStep$1
instanceKlass org/gradle/internal/execution/InputChangesContext
instanceKlass org/gradle/internal/execution/history/changes/SummarizingChangeContainer$ChangeDetectingVisitor
instanceKlass org/gradle/internal/execution/steps/CancelExecutionStep$$Lambda$780
instanceKlass org/gradle/internal/execution/history/changes/DefaultExecutionStateChangeDetector$MessageCollectingChangeVisitor
instanceKlass org/gradle/internal/execution/steps/CancelExecutionStep$$Lambda$775
instanceKlass org/gradle/internal/execution/steps/CancelExecutionStep$$Lambda$779
instanceKlass org/gradle/internal/execution/steps/CancelExecutionStep$$Lambda$777
instanceKlass org/gradle/internal/execution/steps/CancelExecutionStep$$Lambda$778
instanceKlass org/gradle/internal/execution/steps/CancelExecutionStep$$Lambda$776
instanceKlass org/gradle/internal/execution/steps/CancelExecutionStep$$Lambda$774
instanceKlass java/lang/invoke/LambdaForm$DMH
instanceKlass java/lang/invoke/LambdaForm$DMH
instanceKlass java/lang/invoke/LambdaForm$DMH
instanceKlass java/lang/invoke/LambdaForm$DMH
instanceKlass java/lang/invoke/LambdaForm$DMH
instanceKlass org/gradle/internal/execution/history/changes/ErrorHandlingChangeContainer
instanceKlass org/gradle/internal/execution/history/changes/SummarizingChangeContainer
instanceKlass org/gradle/internal/execution/history/changes/IgnoredPathCompareStrategy$1
instanceKlass org/gradle/internal/execution/steps/CreateOutputsStep$1
instanceKlass org/gradle/internal/execution/steps/CreateOutputsStep$$Lambda$773
instanceKlass org/gradle/internal/execution/steps/CreateOutputsStep$$Lambda$769
instanceKlass org/gradle/internal/execution/steps/CreateOutputsStep$$Lambda$772
instanceKlass org/gradle/internal/execution/steps/CreateOutputsStep$$Lambda$771
instanceKlass org/gradle/internal/execution/steps/CreateOutputsStep$$Lambda$770
instanceKlass org/gradle/internal/execution/UnitOfWork$OutputPropertyVisitor
instanceKlass org/gradle/internal/vfs/impl/DefaultSnapshotHierarchy$$Lambda$768
instanceKlass org/gradle/internal/snapshot/AbstractIncompleteSnapshotWithChildren$1$$Lambda$767
instanceKlass org/gradle/internal/execution/history/changes/AbstractFingerprintCompareStrategy
instanceKlass org/gradle/internal/execution/history/changes/FingerprintCompareStrategy
instanceKlass org/gradle/internal/snapshot/AbstractIncompleteSnapshotWithChildren$1$$Lambda$766
instanceKlass org/gradle/internal/snapshot/AbstractIncompleteSnapshotWithChildren$1$$Lambda$765
